Name                                                                                                        Stmts   Miss Branch BrPart  Cover   Missing
-------------------------------------------------------------------------------------------------------------------------------------------------------
configs/app_dependency.py                                                                                      68     47     28      0    22%   17-25, 29-33, 38-40, 46-47, 53-58, 65-82, 88-102
configs/config.py                                                                                              18     18      0      0     0%   1-22
configs/exception_handlers.py                                                                                  32     32      4      0     0%   1-53
configs/limiter_dependency.py                                                                                  16      9      0      0    44%   13-23
configs/swagger_config.py                                                                                      12     12      0      0     0%   1-21
configs/token_auth_provider.py                                                                                 63     63     12      0     0%   1-97
orion/__init__.py                                                                                               0      0      0      0   100%
orion/api/__init__.py                                                                                           0      0      0      0   100%
orion/api/interactive/__init__.py                                                                               0      0      0      0   100%
orion/api/interactive/account_manager/__init__.py                                                               0      0      0      0   100%
orion/api/interactive/account_manager/account_manager.py                                                      189    155     72      0    13%   29-39, 43-46, 49-55, 58-70, 73-117, 120-146, 149-195, 198-218, 221-230, 236-241, 244-290
orion/api/interactive/account_manager/models/__init__.py                                                        0      0      0      0   100%
orion/api/interactive/account_manager/models/node_callback_model.py                                            36      0      0      0   100%
orion/api/interactive/account_manager/models/user_meta_model.py                                                 8      0      0      0   100%
orion/api/interactive/account_manager/models/user_model.py                                                     11      0      0      0   100%
orion/api/interactive/account_manager/models/user_param_model.py                                               15      0      0      0   100%
orion/api/interactive/alert_manager/alert_manager.py                                                          292    256    120      0     9%   22-26, 29-36, 39-40, 44, 47-48, 51, 54-109, 124-165, 168-220, 223-246, 249-275, 278-296, 299-312, 334-396, 399-414, 417-435, 438-453, 456-462, 465-470, 474-487, 490-503
orion/api/interactive/alert_manager/alert_summary_helper.py                                                    60     46     18      0    18%   12-14, 18, 21-27, 31-49, 52-68, 71-91
orion/api/interactive/alert_manager/function_map/function_maping.py                                             3      0      0      0   100%
orion/api/interactive/auditlog_manager/audit_log_manager.py                                                    63     44     26      0    21%   20-24, 27-30, 33-35, 39-43, 46-80
orion/api/interactive/auditlog_manager/models/audit_log_param_model.py                                          5      0      0      0   100%
orion/api/interactive/auth_manager/auth_manager.py                                                            142    108     52      0    18%   28-32, 35-38, 41-46, 50-110, 114-132, 136-150, 154-176, 180-206
orion/api/interactive/auth_manager/models/forgot_password_request.py                                            6      0      0      0   100%
orion/api/interactive/directory_manager/directory_model.py                                                     37     25     10      0    26%   19-21, 24, 27-62, 65-66
orion/api/interactive/directory_manager/directory_shared_model/directory_callback_model.py                     19      1      0      0    95%   20
orion/api/interactive/directory_manager/directory_shared_model/directory_param_model.py                         9      0      0      0   100%
orion/api/interactive/dump_manager/dump_model.py                                                               37     24     12      0    27%   15-17, 20, 23-48, 51-52
orion/api/interactive/dump_manager/dump_shared_model/dump_callback_model.py                                    18      1      0      0    94%   19
orion/api/interactive/dump_manager/dump_shared_model/dump_param_model.py                                        9      0      0      0   100%
orion/api/interactive/graph_manager/graph_models/search_social_callback_model.py                               27      0      0      0   100%
orion/api/interactive/graph_manager/graph_models/search_social_param_model.py                                  48      6      4      0    81%   38-40, 73-75
orion/api/interactive/graph_manager/graphs_model.py                                                            99     85     38      0    10%   13-15, 18, 21-51, 54-79, 82-129, 132-207
orion/api/interactive/hompage_manager/__init__.py                                                               0      0      0      0   100%
orion/api/interactive/hompage_manager/homepage_enums.py                                                         0      0      0      0   100%
orion/api/interactive/hompage_manager/homepage_model.py                                                       183    150     74      0    13%   18-20, 24-36, 40-79, 83-124, 128-148, 158-182, 186-194, 198-205, 209-216, 221-264, 268-275
orion/api/interactive/payment_manager/model/payment_param_model.py                                              7      0      0      0   100%
orion/api/interactive/payment_manager/payment_manager.py                                                       23     11      4      0    44%   13-15, 18-20, 24-43
orion/api/interactive/resource_manager/resource_manager.py                                                     92     71     24      0    18%   13-25, 29-31, 34-36, 39-58, 61-63, 66-69, 72-75, 78-90, 93-95, 98-101, 104-109, 112-118, 121-128, 131-134
orion/api/interactive/search_manager/__init__.py                                                                0      0      0      0   100%
orion/api/interactive/search_manager/search_callback_model.py                                                 107     95     60      0     7%   15-108, 117-141, 146-153
orion/api/interactive/search_manager/search_data_model/__init__.py                                              0      0      0      0   100%
orion/api/interactive/search_manager/search_data_model/chat/search_chat_callback_model.py                       9      0      0      0   100%
orion/api/interactive/search_manager/search_data_model/consolidated/search_consolidated_callback_model.py      19      0      0      0   100%
orion/api/interactive/search_manager/search_data_model/consolidated/search_consolidated_param_model.py         32      7      2      0    74%   32-38
orion/api/interactive/search_manager/search_data_model/defacement/search_defacement_callback_model.py          22      0      0      0   100%
orion/api/interactive/search_manager/search_data_model/defacement/search_defacement_param_model.py             17      0      0      0   100%
orion/api/interactive/search_manager/search_data_model/dump/search_credential_param_model.py                   20      0      0      0   100%
orion/api/interactive/search_manager/search_data_model/dump/search_stealerlog_callback_model.py                22      0      0      0   100%
orion/api/interactive/search_manager/search_data_model/dynamic/__init__.py                                      0      0      0      0   100%
orion/api/interactive/search_manager/search_data_model/dynamic/search_dynamic_param_model.py                   10      0      0      0   100%
orion/api/interactive/search_manager/search_data_model/enums.py                                                 5      0      0      0   100%
orion/api/interactive/search_manager/search_data_model/exploit/search_exploit_callback_model.py                24      0      0      0   100%
orion/api/interactive/search_manager/search_data_model/exploit/search_exploit_param_model.py                   14      0      0      0   100%
orion/api/interactive/search_manager/search_data_model/general/__init__.py                                      0      0      0      0   100%
orion/api/interactive/search_manager/search_data_model/general/search_general_callback_model.py                37      0      0      0   100%
orion/api/interactive/search_manager/search_data_model/general/search_general_param_model.py                   16      0      0      0   100%
orion/api/interactive/search_manager/search_data_model/leak/__init__.py                                         0      0      0      0   100%
orion/api/interactive/search_manager/search_data_model/leak/search_leak_callback_model.py                      41      0      0      0   100%
orion/api/interactive/search_manager/search_data_model/leak/search_leak_param_model.py                         22      0      0      0   100%
orion/api/interactive/search_manager/search_data_model/search_callback_model.py                                40      0      0      0   100%
orion/api/interactive/search_manager/search_data_model/suggestion_model.py                                      7      7      0      0     0%   1-10
orion/api/interactive/search_manager/search_enums.py                                                            2      0      0      0   100%
orion/api/interactive/search_manager/search_model.py                                                          192    134     46      0    24%   35-37, 40-43, 47-57, 62-105, 109-129, 133-141, 144, 147, 150, 153, 156, 159, 163-181, 185-192, 196-209, 213-241, 245-276, 280-294, 299-317, 321-337, 341-357
orion/api/interactive/signup_manager/model/__init__.py                                                          0      0      0      0   100%
orion/api/interactive/signup_manager/model/signup_request_model.py                                             10      0      0      0   100%
orion/api/interactive/signup_manager/signup_manager.py                                                         98     72     18      0    22%   25-97, 101-109, 114-145, 149-166
orion/api/interactive/tenant_manager/models/tenant_param_model.py                                              15      0      0      0   100%
orion/api/interactive/tenant_manager/tenant_bootstrap.py                                                       40     29      4      0    25%   12-34, 38-60, 64-74
orion/api/interactive/tenant_manager/tenant_manager.py                                                        233    185     74      0    16%   30-34, 37-44, 48, 52, 56-59, 63-64, 68-69, 73-74, 78-79, 83, 88-102, 105-113, 116-134, 137-244, 248-272, 275-349
orion/api/server/__init__.py                                                                                    0      0      0      0   100%
orion/api/server/config_manager/config_controller.py                                                          101     80     28      0    16%   19-21, 24-36, 39-43, 46, 49, 52-72, 80-105, 108-116, 119-149
orion/api/server/config_manager/model/config_data.py                                                            4      0      0      0   100%
orion/api/server/crawl_manager/__init__.py                                                                      0      0      0      0   100%
orion/api/server/crawl_manager/class_model/CTITextRequest.py                                                    3      0      0      0   100%
orion/api/server/crawl_manager/class_model/__init__.py                                                         16      0      0      0   100%
orion/api/server/crawl_manager/class_model/chat_model.py                                                       37      0      0      0   100%
orion/api/server/crawl_manager/class_model/credential_model.py                                                 12      0      0      0   100%
orion/api/server/crawl_manager/class_model/defacement_model.py                                                 23      0      0      0   100%
orion/api/server/crawl_manager/class_model/domain_scan_request_model.py                                         7      0      0      0   100%
orion/api/server/crawl_manager/class_model/dump_model.py                                                        9      0      0      0   100%
orion/api/server/crawl_manager/class_model/entity_model.py                                                      3      0      0      0   100%
orion/api/server/crawl_manager/class_model/exploit_model.py                                                    24      0      0      0   100%
orion/api/server/crawl_manager/class_model/file_model.py                                                        4      0      0      0   100%
orion/api/server/crawl_manager/class_model/general_model.py                                                    23      0      0      0   100%
orion/api/server/crawl_manager/class_model/ip_scan_request_model.py                                             4      0      0      0   100%
orion/api/server/crawl_manager/class_model/leak_model.py                                                       45      0      0      0   100%
orion/api/server/crawl_manager/class_model/log_model.py                                                         9      0      0      0   100%
orion/api/server/crawl_manager/class_model/nlp_data_model.py                                                    4      0      0      0   100%
orion/api/server/crawl_manager/class_model/open_sanctions_model.py                                              8      0      0      0   100%
orion/api/server/crawl_manager/class_model/report_chat_data_model.py                                            5      0      0      0   100%
orion/api/server/crawl_manager/class_model/social_model.py                                                     22      0      0      0   100%
orion/api/server/crawl_manager/class_model/social_scrape_request_model.py                                      13      0      0      0   100%
orion/api/server/crawl_manager/crawl_enums.py                                                                   6      0      0      0   100%
orion/api/server/crawl_manager/crawl_model.py                                                                 229    166     44      0    23%   27-29, 32-36, 45-76, 80-83, 87-93, 97-103, 107-117, 122-139, 146-156, 161-171, 176-183, 187-193, 197-201, 212-224, 227-230, 239-241, 249-251, 259-261, 269-271, 279-281, 289-291, 299-301, 310-314, 318-324, 328-334, 338-345, 348-358, 361-381, 385-391
orion/api/server/entity_manager/entity_manager.py                                                             112     91     38      0    14%   20-22, 25-30, 34-36, 40, 43-94, 97-165
orion/api/server/entity_manager/entity_request_generator.py                                                    30     20      2      0    31%   7-173, 177-220, 229-341, 345-348
orion/api/server/entity_manager/modal/EntityQueryModel.py                                                       7      0      0      0   100%
orion/constants/__init__.py                                                                                     0      0      0      0   100%
orion/constants/constant.py                                                                                    29      0      0      0   100%
orion/constants/enum.py                                                                                        11      0      0      0   100%
orion/helper_manager/__init__.py                                                                                0      0      0      0   100%
orion/helper_manager/env_handler.py                                                                            20      2      6      2    85%   18, 27
orion/helper_manager/helper_controller.py                                                                     222    165     74      0    19%   26-36, 40, 45-61, 65-68, 72-103, 107-115, 119-122, 126-130, 134-137, 141, 149-179, 183-200, 204, 208-209, 213-222, 226-229, 233-242, 246-269, 273-309, 313-334
orion/management/__init__.py                                                                                    0      0      0      0   100%
orion/management/jobs/alert_job.py                                                                            376    335    168      0     8%   38-40, 43-48, 52, 55-121, 130-183, 186-423, 426-445, 448-465, 468-485, 488-537, 540
orion/management/managers/__init__.py                                                                           0      0      0      0   100%
orion/management/managers/cronjob_manager.py                                                                   54     54      8      0     0%   1-71
orion/management/managers/service_manager.py                                                                   57     57     10      0     0%   1-74
orion/management/models/insight_model.py                                                                       36      0      0      0   100%
orion/management/models/insight_model_comparison.py                                                            38      0      0      0   100%
orion/middleware/__init__.py                                                                                    0      0      0      0   100%
orion/middleware/middleware_setup.py                                                                           29     29      4      0     0%   1-45
orion/middleware/middlewares/__init__.py                                                                        0      0      0      0   100%
orion/middleware/middlewares/cache_admin.py                                                                    10     10      2      0     0%   2-13
orion/middleware/middlewares/content_block_middleware.py                                                       28     20      8      0    22%   12, 15-39
orion/middleware/middlewares/content_security_policy_middleware.py                                             25     25      8      0     0%   1-94
orion/middleware/middlewares/security_headers_middleware.py                                                    15     15      2      0     0%   1-22
orion/middleware/middlewares/service_ready_middleware.py                                                       15     15      4      0     0%   1-21
orion/services/__init__.py                                                                                      2      1      0      0    50%   2
orion/services/arango_manager/arango_controller.py                                                             55     39     18      0    22%   17-19, 22-27, 30-57, 60, 63, 67-101
orion/services/arango_manager/arango_enums.py                                                                   6      0      0      0   100%
orion/services/bloom_manager/bloom_controller.py                                                               23     14      6      0    31%   12-15, 18-23, 26-29
orion/services/elastic_manager/__init__.py                                                                      0      0      0      0   100%
orion/services/elastic_manager/elastic_controller.py                                                          251    218    108      0     9%   22-24, 27-28, 31, 34-40, 43, 46-50, 53-57, 60-146, 149-172, 175-180, 183-189, 193, 196-271, 274-283, 286-321, 324-396, 399-412
orion/services/elastic_manager/elastic_enums.py                                                                56      0      0      0   100%
orion/services/elastic_manager/elastic_insight_generator.py                                                    58     38      0      0    34%   8-11, 15-35, 39-69, 74-79, 83, 87, 91-97, 101-107, 110-125
orion/services/elastic_manager/elastic_request_generator.py                                                   530    476    276      0     7%   21-70, 74-148, 152-327, 332-381, 385-418, 421-545, 548-590, 606-723, 729-773, 778-780, 784-805, 809-817, 821-833, 837-872, 876-895, 899-912, 916-933, 937-954, 958-964, 968-994
orion/services/elastic_manager/elastic_semantic_controller.py                                                 130    103     28      0    17%   18-20, 23, 26-28, 31, 34-39, 43, 46-47, 50-60, 64-79, 82-88, 92-112, 115-122, 125-150
orion/services/encryption_manager/encryption_manager.py                                                        12      5      0      0    58%   7-8, 12, 15, 18
orion/services/encryption_manager/key_manager.py                                                               46     27      8      0    35%   17-19, 22-25, 29, 32, 35, 38-47, 50-54, 57-61
orion/services/log_manager/log_controller.py                                                                  138    110     32      1    17%   12, 22-36, 40-42, 45-46, 49-63, 66-93, 96-102, 106-129, 132-137, 140-145, 148-154, 157-163, 166-172
orion/services/mail_manager/__init__.py                                                                         0      0      0      0   100%
orion/services/mail_manager/mail_enums.py                                                                      14      0      0      0   100%
orion/services/mail_manager/mail_manager.py                                                                    59     37      6      0    34%   16-18, 21-23, 26-34, 37-47, 50-51, 54-55, 59-60, 64-65, 69-75
orion/services/mongo_manager/__init__.py                                                                        8      0      0      0   100%
orion/services/mongo_manager/mongo_controller.py                                                               49     31      4      0    34%   17-19, 22-24, 27-38, 41-57, 60, 63-67, 70-79
orion/services/mongo_manager/mongo_enums.py                                                                     7      0      0      0   100%
orion/services/mongo_manager/shared_model/__init__.py                                                           0      0      0      0   100%
orion/services/mongo_manager/shared_model/db_alert_model.py                                                    42      7      6      0    73%   40-46
orion/services/mongo_manager/shared_model/db_audit_log.py                                                       7      0      0      0   100%
orion/services/mongo_manager/shared_model/db_auth_models.py                                                   112     49     36      0    43%   40, 70-78, 83-102, 106-125, 129, 132, 135, 138, 141-143, 146-148
orion/services/mongo_manager/shared_model/db_dump_model.py                                                     10      0      0      0   100%
orion/services/mongo_manager/shared_model/db_graph_sessions_model.py                                           13      0      0      0   100%
orion/services/mongo_manager/shared_model/db_keys.py                                                            7      0      0      0   100%
orion/services/mongo_manager/shared_model/db_system_settings.py                                                28      6      2      0    73%   31-44
orion/services/mongo_manager/shared_model/db_tenant_model.py                                                   43      1      0      0    98%   36
orion/services/mongo_manager/shared_model/db_url_data_model.py                                                 11      0      0      0   100%
orion/services/mongo_manager/shared_views/tenant_admin_view.py                                                 49     34     26      0    20%   17-18, 21-25, 28-39, 42-67
orion/services/mongo_manager/shared_views/tenant_key_admin_view.py                                             17      8      4      0    43%   13-14, 17-25
orion/services/mongo_manager/shared_views/user_admin_view.py                                                   34     21     16      0    26%   14-15, 18-19, 22-45
orion/services/redis_manager/__init__.py                                                                        0      0      0      0   100%
orion/services/redis_manager/redis_controller.py                                                              107     79     52      0    18%   12-14, 17-18, 22, 30, 33, 36, 39-45, 48, 51-54, 57, 60-63, 66, 69-77, 80-82, 85-88, 91, 94, 97-98, 101-103, 106, 109-138
orion/services/redis_manager/redis_enums.py                                                                    28      0      0      0   100%
orion/services/session_manager/__init__.py                                                                      0      0      0      0   100%
orion/services/session_manager/session_enums.py                                                                 6      0      0      0   100%
orion/services/session_manager/session_manager.py                                                             217    183     94      0    11%   25-29, 32-38, 41-91, 94-103, 106-115, 118-152, 156-160, 163-205, 208, 219-287, 290-297, 301, 305-306
orion/services/stix_manager/__init__.py                                                                         0      0      0      0   100%
orion/services/stix_manager/converters/__init__.py                                                              0      0      0      0   100%
orion/services/stix_manager/converters/chat_converter.py                                                        7      1      0      0    86%   11
orion/services/stix_manager/converters/defacement_converter.py                                                  7      1      0      0    86%   11
orion/services/stix_manager/converters/exploit_converter.py                                                     7      1      0      0    86%   11
orion/services/stix_manager/converters/general_converter.py                                                     7      1      0      0    86%   11
orion/services/stix_manager/converters/leak_converter.py                                                        7      1      0      0    86%   11
orion/services/stix_manager/converters/social_converter.py                                                      7      1      0      0    86%   11
orion/services/stix_manager/converters/stix_minimal.py                                                        210    193    106      0     5%   10-16, 20-23, 27-36, 40-50, 54, 58-75, 79, 144-166, 170-189, 193-430
orion/services/stix_manager/stix_manager.py                                                                    55     19      6      0    59%   71-74, 78-80, 83-88, 91, 94, 97, 100, 103, 106
orion/shared_models/__init__.py                                                                                 0      0      0      0   100%
routes/admin_routes.py                                                                                         31     10      2      0    64%   17-19, 24-25, 30-31, 39, 47, 56
routes/api_micros.py                                                                                           15      3      0      0    80%   17, 31-32
routes/api_routes.py                                                                                          196     76     10      0    58%   36-38, 51-52, 65-72, 85-95, 108-109, 122-124, 137, 150, 163-168, 183, 202-203, 216, 231, 248-256, 269, 283, 297, 311, 325, 339, 353, 366, 379, 392, 405, 418, 431, 444, 457, 466, 474, 487, 499, 511, 526, 542, 557, 573, 587, 601, 615-616, 632, 648-650, 665-668, 685
routes/auth_routes.py                                                                                          85     44     10      0    43%   22, 27-30, 35-42, 47-57, 64-68, 73-80, 85-89, 94, 99, 104, 109, 114, 119, 123
routes/crawl_routes.py                                                                                         93     44      8      0    49%   25, 32, 36-37, 42-43, 48-49, 54-55, 60-61, 67-68, 75, 82-83, 90, 97, 104, 111-112, 117-118, 123-147, 154-158, 163-164, 169
routes/docs/docs.py                                                                                            37      4      8      2    82%   2353, 2372-2374
routes/public_api_routes.py                                                                                    34     12      4      0    58%   12-13, 25, 30, 35, 40, 44-46, 50, 58-59
routes/social_routes.py                                                                                        54     19      2      0    62%   32, 40, 53, 66, 83-89, 105, 118, 131, 139, 152, 160-161, 169, 177-178
routes/tenant_routes.py                                                                                        98     29      2      0    69%   37, 52, 66, 80, 88, 96, 105, 113, 120, 129, 137, 145, 160, 175, 184, 198, 212, 227, 241, 264, 283-290, 305, 314, 322, 336
-------------------------------------------------------------------------------------------------------------------------------------------------------
TOTAL                                                                                                        7551   4723   1988      5    30%
