{"meta": {"format": 3, "version": "7.12.0", "timestamp": "2026-03-09T15:19:13.293336", "branch_coverage": true, "show_contexts": false}, "files": {"configs/app_dependency.py": {"executed_lines": [1, 3, 4, 6, 7, 8, 10, 12, 16, 28, 36, 37, 42, 45, 50, 51, 60, 63, 64, 84, 87], "summary": {"covered_lines": 21, "num_statements": 68, "percent_covered": 21.875, "percent_covered_display": "22", "missing_lines": 47, "excluded_lines": 0, "percent_statements_covered": 30.88235294117647, "percent_statements_covered_display": "31", "num_branches": 28, "num_partial_branches": 0, "covered_branches": 0, "missing_branches": 28, "percent_branches_covered": 0.0, "percent_branches_covered_display": "0"}, "missing_lines": [17, 18, 19, 21, 22, 23, 25, 29, 30, 31, 33, 38, 39, 40, 46, 47, 53, 54, 56, 57, 58, 65, 66, 68, 69, 70, 72, 73, 74, 75, 76, 77, 79, 80, 82, 88, 90, 91, 92, 93, 94, 95, 97, 98, 99, 100, 102], "excluded_lines": [], "executed_branches": [], "missing_branches": [[18, 19], [18, 21], [22, 23], [22, 25], [30, 31], [30, 33], [38, 39], [38, 40], [53, 54], [53, 56], [56, 57], [56, 58], [65, 66], [65, 68], [69, 70], [69, 72], [73, 74], [73, 79], [75, 76], [75, 77], [79, 80], [79, 82], [90, 91], [90, 102], [92, 93], [92, 94], [94, 95], [94, 97]], "functions": {"get_current_role": {"executed_lines": [], "summary": {"covered_lines": 0, "num_statements": 7, "percent_covered": 0.0, "percent_covered_display": "0", "missing_lines": 7, "excluded_lines": 0, "percent_statements_covered": 0.0, "percent_statements_covered_display": "0", "num_branches": 4, "num_partial_branches": 0, "covered_branches": 0, "missing_branches": 4, "percent_branches_covered": 0.0, "percent_branches_covered_display": "0"}, "missing_lines": [17, 18, 19, 21, 22, 23, 25], "excluded_lines": [], "executed_branches": [], "missing_branches": [[18, 19], [18, 21], [22, 23], [22, 25]]}, "get_current_status": {"executed_lines": [], "summary": {"covered_lines": 0, "num_statements": 4, "percent_covered": 0.0, "percent_covered_display": "0", "missing_lines": 4, "excluded_lines": 0, "percent_statements_covered": 0.0, "percent_statements_covered_display": "0", "num_branches": 2, "num_partial_branches": 0, "covered_branches": 0, "missing_branches": 2, "percent_branches_covered": 0.0, "percent_branches_covered_display": "0"}, "missing_lines": [29, 30, 31, 33], "excluded_lines": [], "executed_branches": [], "missing_branches": [[30, 31], [30, 33]]}, "role_required": {"executed_lines": [37, 42], "summary": {"covered_lines": 2, "num_statements": 2, "percent_covered": 100.0, "percent_covered_display": "100", "missing_lines": 0, "excluded_lines": 0, "percent_statements_covered": 100.0, "percent_statements_covered_display": "100", "num_branches": 0, "num_partial_branches": 0, "covered_branches": 0, "missing_branches": 0, "percent_branches_covered": 100.0, "percent_branches_covered_display": "100"}, "missing_lines": [], "excluded_lines": [], "executed_branches": [], "missing_branches": []}, "role_required.verify_role": {"executed_lines": [], "summary": {"covered_lines": 0, "num_statements": 3, "percent_covered": 0.0, "percent_covered_display": "0", "missing_lines": 3, "excluded_lines": 0, "percent_statements_covered": 0.0, "percent_statements_covered_display": "0", "num_branches": 2, "num_partial_branches": 0, "covered_branches": 0, "missing_branches": 2, "percent_branches_covered": 0.0, "percent_branches_covered_display": "0"}, "missing_lines": [38, 39, 40], "excluded_lines": [], "executed_branches": [], "missing_branches": [[38, 39], [38, 40]]}, "get_current_user": {"executed_lines": [], "summary": {"covered_lines": 0, "num_statements": 2, "percent_covered": 0.0, "percent_covered_display": "0", "missing_lines": 2, "excluded_lines": 0, "percent_statements_covered": 0.0, "percent_statements_covered_display": "0", "num_branches": 0, "num_partial_branches": 0, "covered_branches": 0, "missing_branches": 0, "percent_branches_covered": 100.0, "percent_branches_covered_display": "100"}, "missing_lines": [46, 47], "excluded_lines": [], "executed_branches": [], "missing_branches": []}, "status_required": {"executed_lines": [51, 60], "summary": {"covered_lines": 2, "num_statements": 2, "percent_covered": 100.0, "percent_covered_display": "100", "missing_lines": 0, "excluded_lines": 0, "percent_statements_covered": 100.0, "percent_statements_covered_display": "100", "num_branches": 0, "num_partial_branches": 0, "covered_branches": 0, "missing_branches": 0, "percent_branches_covered": 100.0, "percent_branches_covered_display": "100"}, "missing_lines": [], "excluded_lines": [], "executed_branches": [], "missing_branches": []}, "status_required.verify_status": {"executed_lines": [], "summary": {"covered_lines": 0, "num_statements": 5, "percent_covered": 0.0, "percent_covered_display": "0", "missing_lines": 5, "excluded_lines": 0, "percent_statements_covered": 0.0, "percent_statements_covered_display": "0", "num_branches": 4, "num_partial_branches": 0, "covered_branches": 0, "missing_branches": 4, "percent_branches_covered": 0.0, "percent_branches_covered_display": "0"}, "missing_lines": [53, 54, 56, 57, 58], "excluded_lines": [], "executed_branches": [], "missing_branches": [[53, 54], [53, 56], [56, 57], [56, 58]]}, "license_required": {"executed_lines": [64, 84], "summary": {"covered_lines": 2, "num_statements": 2, "percent_covered": 100.0, "percent_covered_display": "100", "missing_lines": 0, "excluded_lines": 0, "percent_statements_covered": 100.0, "percent_statements_covered_display": "100", "num_branches": 0, "num_partial_branches": 0, "covered_branches": 0, "missing_branches": 0, "percent_branches_covered": 100.0, "percent_branches_covered_display": "100"}, "missing_lines": [], "excluded_lines": [], "executed_branches": [], "missing_branches": []}, "license_required.checker": {"executed_lines": [], "summary": {"covered_lines": 0, "num_statements": 14, "percent_covered": 0.0, "percent_covered_display": "0", "missing_lines": 14, "excluded_lines": 0, "percent_statements_covered": 0.0, "percent_statements_covered_display": "0", "num_branches": 10, "num_partial_branches": 0, "covered_branches": 0, "missing_branches": 10, "percent_branches_covered": 0.0, "percent_branches_covered_display": "0"}, "missing_lines": [65, 66, 68, 69, 70, 72, 73, 74, 75, 76, 77, 79, 80, 82], "excluded_lines": [], "executed_branches": [], "missing_branches": [[65, 66], [65, 68], [69, 70], [69, 72], [73, 74], [73, 79], [75, 76], [75, 77], [79, 80], [79, 82]]}, "get_user_permissions": {"executed_lines": [], "summary": {"covered_lines": 0, "num_statements": 12, "percent_covered": 0.0, "percent_covered_display": "0", "missing_lines": 12, "excluded_lines": 0, "percent_statements_covered": 0.0, "percent_statements_covered_display": "0", "num_branches": 6, "num_partial_branches": 0, "covered_branches": 0, "missing_branches": 6, "percent_branches_covered": 0.0, "percent_branches_covered_display": "0"}, "missing_lines": [88, 90, 91, 92, 93, 94, 95, 97, 98, 99, 100, 102], "excluded_lines": [], "executed_branches": [], "missing_branches": [[90, 91], [90, 102], [92, 93], [92, 94], [94, 95], [94, 97]]}, "": {"executed_lines": [1, 3, 4, 6, 7, 8, 10, 12, 16, 28, 36, 45, 50, 63, 87], "summary": {"covered_lines": 15, "num_statements": 15, "percent_covered": 100.0, "percent_covered_display": "100", "missing_lines": 0, "excluded_lines": 0, "percent_statements_covered": 100.0, "percent_statements_covered_display": "100", "num_branches": 0, "num_partial_branches": 0, "covered_branches": 0, "missing_branches": 0, "percent_branches_covered": 100.0, "percent_branches_covered_display": "100"}, "missing_lines": [], "excluded_lines": [], "executed_branches": [], "missing_branches": []}}, "classes": {"": {"executed_lines": [1, 3, 4, 6, 7, 8, 10, 12, 16, 28, 36, 37, 42, 45, 50, 51, 60, 63, 64, 84, 87], "summary": {"covered_lines": 21, "num_statements": 68, "percent_covered": 21.875, "percent_covered_display": "22", "missing_lines": 47, "excluded_lines": 0, "percent_statements_covered": 30.88235294117647, "percent_statements_covered_display": "31", "num_branches": 28, "num_partial_branches": 0, "covered_branches": 0, "missing_branches": 28, "percent_branches_covered": 0.0, "percent_branches_covered_display": "0"}, "missing_lines": [17, 18, 19, 21, 22, 23, 25, 29, 30, 31, 33, 38, 39, 40, 46, 47, 53, 54, 56, 57, 58, 65, 66, 68, 69, 70, 72, 73, 74, 75, 76, 77, 79, 80, 82, 88, 90, 91, 92, 93, 94, 95, 97, 98, 99, 100, 102], "excluded_lines": [], "executed_branches": [], "missing_branches": [[18, 19], [18, 21], [22, 23], [22, 25], [30, 31], [30, 33], [38, 39], [38, 40], [53, 54], [53, 56], [56, 57], [56, 58], [65, 66], [65, 68], [69, 70], [69, 72], [73, 74], [73, 79], [75, 76], [75, 77], [79, 80], [79, 82], [90, 91], [90, 102], [92, 93], [92, 94], [94, 95], [94, 97]]}}}, "configs/config.py": {"executed_lines": [], "summary": {"covered_lines": 0, "num_statements": 18, "percent_covered": 0.0, "percent_covered_display": "0", "missing_lines": 18, "excluded_lines": 0, "percent_statements_covered": 0.0, "percent_statements_covered_display": "0", "num_branches": 0, "num_partial_branches": 0, "covered_branches": 0, "missing_branches": 0, "percent_branches_covered": 100.0, "percent_branches_covered_display": "100"}, "missing_lines": [1, 3, 4, 5, 6, 7, 8, 9, 10, 11, 12, 13, 14, 15, 16, 17, 18, 22], "excluded_lines": [], "executed_branches": [], "missing_branches": [], "functions": {"": {"executed_lines": [], "summary": {"covered_lines": 0, "num_statements": 18, "percent_covered": 0.0, "percent_covered_display": "0", "missing_lines": 18, "excluded_lines": 0, "percent_statements_covered": 0.0, "percent_statements_covered_display": "0", "num_branches": 0, "num_partial_branches": 0, "covered_branches": 0, "missing_branches": 0, "percent_branches_covered": 100.0, "percent_branches_covered_display": "100"}, "missing_lines": [1, 3, 4, 5, 6, 7, 8, 9, 10, 11, 12, 13, 14, 15, 16, 17, 18, 22], "excluded_lines": [], "executed_branches": [], "missing_branches": []}}, "classes": {"": {"executed_lines": [], "summary": {"covered_lines": 0, "num_statements": 18, "percent_covered": 0.0, "percent_covered_display": "0", "missing_lines": 18, "excluded_lines": 0, "percent_statements_covered": 0.0, "percent_statements_covered_display": "0", "num_branches": 0, "num_partial_branches": 0, "covered_branches": 0, "missing_branches": 0, "percent_branches_covered": 100.0, "percent_branches_covered_display": "100"}, "missing_lines": [1, 3, 4, 5, 6, 7, 8, 9, 10, 11, 12, 13, 14, 15, 16, 17, 18, 22], "excluded_lines": [], "executed_branches": [], "missing_branches": []}}}, "configs/exception_handlers.py": {"executed_lines": [], "summary": {"covered_lines": 0, "num_statements": 32, "percent_covered": 0.0, "percent_covered_display": "0", "missing_lines": 32, "excluded_lines": 0, "percent_statements_covered": 0.0, "percent_statements_covered_display": "0", "num_branches": 4, "num_partial_branches": 0, "covered_branches": 0, "missing_branches": 4, "percent_branches_covered": 0.0, "percent_branches_covered_display": "0"}, "missing_lines": [1, 2, 4, 5, 6, 7, 8, 9, 11, 12, 15, 16, 17, 18, 21, 22, 24, 25, 27, 29, 32, 33, 34, 37, 39, 41, 44, 45, 48, 49, 52, 53], "excluded_lines": [], "executed_branches": [], "missing_branches": [[24, 25], [24, 29], [33, 34], [33, 41]], "functions": {"clean_traceback": {"executed_lines": [], "summary": {"covered_lines": 0, "num_statements": 3, "percent_covered": 0.0, "percent_covered_display": "0", "missing_lines": 3, "excluded_lines": 0, "percent_statements_covered": 0.0, "percent_statements_covered_display": "0", "num_branches": 0, "num_partial_branches": 0, "covered_branches": 0, "missing_branches": 0, "percent_branches_covered": 100.0, "percent_branches_covered_display": "100"}, "missing_lines": [16, 17, 18], "excluded_lines": [], "executed_branches": [], "missing_branches": []}, "global_exception_handler": {"executed_lines": [], "summary": {"covered_lines": 0, "num_statements": 5, "percent_covered": 0.0, "percent_covered_display": "0", "missing_lines": 5, "excluded_lines": 0, "percent_statements_covered": 0.0, "percent_statements_covered_display": "0", "num_branches": 2, "num_partial_branches": 0, "covered_branches": 0, "missing_branches": 2, "percent_branches_covered": 0.0, "percent_branches_covered_display": "0"}, "missing_lines": [22, 24, 25, 27, 29], "excluded_lines": [], "executed_branches": [], "missing_branches": [[24, 25], [24, 29]]}, "validation_exception_handler": {"executed_lines": [], "summary": {"covered_lines": 0, "num_statements": 5, "percent_covered": 0.0, "percent_covered_display": "0", "missing_lines": 5, "excluded_lines": 0, "percent_statements_covered": 0.0, "percent_statements_covered_display": "0", "num_branches": 2, "num_partial_branches": 0, "covered_branches": 0, "missing_branches": 2, "percent_branches_covered": 0.0, "percent_branches_covered_display": "0"}, "missing_lines": [33, 34, 37, 39, 41], "excluded_lines": [], "executed_branches": [], "missing_branches": [[33, 34], [33, 41]]}, "password_size_exception_handler": {"executed_lines": [], "summary": {"covered_lines": 0, "num_statements": 1, "percent_covered": 0.0, "percent_covered_display": "0", "missing_lines": 1, "excluded_lines": 0, "percent_statements_covered": 0.0, "percent_statements_covered_display": "0", "num_branches": 0, "num_partial_branches": 0, "covered_branches": 0, "missing_branches": 0, "percent_branches_covered": 100.0, "percent_branches_covered_display": "100"}, "missing_lines": [45], "excluded_lines": [], "executed_branches": [], "missing_branches": []}, "value_error_exception_handler": {"executed_lines": [], "summary": {"covered_lines": 0, "num_statements": 1, "percent_covered": 0.0, "percent_covered_display": "0", "missing_lines": 1, "excluded_lines": 0, "percent_statements_covered": 0.0, "percent_statements_covered_display": "0", "num_branches": 0, "num_partial_branches": 0, "covered_branches": 0, "missing_branches": 0, "percent_branches_covered": 100.0, "percent_branches_covered_display": "100"}, "missing_lines": [49], "excluded_lines": [], "executed_branches": [], "missing_branches": []}, "form_validation_exception_handler": {"executed_lines": [], "summary": {"covered_lines": 0, "num_statements": 1, "percent_covered": 0.0, "percent_covered_display": "0", "missing_lines": 1, "excluded_lines": 0, "percent_statements_covered": 0.0, "percent_statements_covered_display": "0", "num_branches": 0, "num_partial_branches": 0, "covered_branches": 0, "missing_branches": 0, "percent_branches_covered": 100.0, "percent_branches_covered_display": "100"}, "missing_lines": [53], "excluded_lines": [], "executed_branches": [], "missing_branches": []}, "": {"executed_lines": [], "summary": {"covered_lines": 0, "num_statements": 16, "percent_covered": 0.0, "percent_covered_display": "0", "missing_lines": 16, "excluded_lines": 0, "percent_statements_covered": 0.0, "percent_statements_covered_display": "0", "num_branches": 0, "num_partial_branches": 0, "covered_branches": 0, "missing_branches": 0, "percent_branches_covered": 100.0, "percent_branches_covered_display": "100"}, "missing_lines": [1, 2, 4, 5, 6, 7, 8, 9, 11, 12, 15, 21, 32, 44, 48, 52], "excluded_lines": [], "executed_branches": [], "missing_branches": []}}, "classes": {"": {"executed_lines": [], "summary": {"covered_lines": 0, "num_statements": 32, "percent_covered": 0.0, "percent_covered_display": "0", "missing_lines": 32, "excluded_lines": 0, "percent_statements_covered": 0.0, "percent_statements_covered_display": "0", "num_branches": 4, "num_partial_branches": 0, "covered_branches": 0, "missing_branches": 4, "percent_branches_covered": 0.0, "percent_branches_covered_display": "0"}, "missing_lines": [1, 2, 4, 5, 6, 7, 8, 9, 11, 12, 15, 16, 17, 18, 21, 22, 24, 25, 27, 29, 32, 33, 34, 37, 39, 41, 44, 45, 48, 49, 52, 53], "excluded_lines": [], "executed_branches": [], "missing_branches": [[24, 25], [24, 29], [33, 34], [33, 41]]}}}, "configs/limiter_dependency.py": {"executed_lines": [1, 3, 5, 6, 8, 9, 12], "summary": {"covered_lines": 7, "num_statements": 16, "percent_covered": 43.75, "percent_covered_display": "44", "missing_lines": 9, "excluded_lines": 0, "percent_statements_covered": 43.75, "percent_statements_covered_display": "44", "num_branches": 0, "num_partial_branches": 0, "covered_branches": 0, "missing_branches": 0, "percent_branches_covered": 100.0, "percent_branches_covered_display": "100"}, "missing_lines": [13, 14, 15, 16, 18, 19, 20, 22, 23], "excluded_lines": [], "executed_branches": [], "missing_branches": [], "functions": {"limiter_dependency": {"executed_lines": [], "summary": {"covered_lines": 0, "num_statements": 9, "percent_covered": 0.0, "percent_covered_display": "0", "missing_lines": 9, "excluded_lines": 0, "percent_statements_covered": 0.0, "percent_statements_covered_display": "0", "num_branches": 0, "num_partial_branches": 0, "covered_branches": 0, "missing_branches": 0, "percent_branches_covered": 100.0, "percent_branches_covered_display": "100"}, "missing_lines": [13, 14, 15, 16, 18, 19, 20, 22, 23], "excluded_lines": [], "executed_branches": [], "missing_branches": []}, "": {"executed_lines": [1, 3, 5, 6, 8, 9, 12], "summary": {"covered_lines": 7, "num_statements": 7, "percent_covered": 100.0, "percent_covered_display": "100", "missing_lines": 0, "excluded_lines": 0, "percent_statements_covered": 100.0, "percent_statements_covered_display": "100", "num_branches": 0, "num_partial_branches": 0, "covered_branches": 0, "missing_branches": 0, "percent_branches_covered": 100.0, "percent_branches_covered_display": "100"}, "missing_lines": [], "excluded_lines": [], "executed_branches": [], "missing_branches": []}}, "classes": {"": {"executed_lines": [1, 3, 5, 6, 8, 9, 12], "summary": {"covered_lines": 7, "num_statements": 16, "percent_covered": 43.75, "percent_covered_display": "44", "missing_lines": 9, "excluded_lines": 0, "percent_statements_covered": 43.75, "percent_statements_covered_display": "44", "num_branches": 0, "num_partial_branches": 0, "covered_branches": 0, "missing_branches": 0, "percent_branches_covered": 100.0, "percent_branches_covered_display": "100"}, "missing_lines": [13, 14, 15, 16, 18, 19, 20, 22, 23], "excluded_lines": [], "executed_branches": [], "missing_branches": []}}}, "configs/swagger_config.py": {"executed_lines": [], "summary": {"covered_lines": 0, "num_statements": 12, "percent_covered": 0.0, "percent_covered_display": "0", "missing_lines": 12, "excluded_lines": 0, "percent_statements_covered": 0.0, "percent_statements_covered_display": "0", "num_branches": 0, "num_partial_branches": 0, "covered_branches": 0, "missing_branches": 0, "percent_branches_covered": 100.0, "percent_branches_covered_display": "100"}, "missing_lines": [1, 2, 3, 4, 6, 9, 10, 12, 13, 14, 19, 21], "excluded_lines": [], "executed_branches": [], "missing_branches": [], "functions": {"configure_swagger": {"executed_lines": [], "summary": {"covered_lines": 0, "num_statements": 3, "percent_covered": 0.0, "percent_covered_display": "0", "missing_lines": 3, "excluded_lines": 0, "percent_statements_covered": 0.0, "percent_statements_covered_display": "0", "num_branches": 0, "num_partial_branches": 0, "covered_branches": 0, "missing_branches": 0, "percent_branches_covered": 100.0, "percent_branches_covered_display": "100"}, "missing_lines": [10, 12, 13], "excluded_lines": [], "executed_branches": [], "missing_branches": []}, "configure_swagger.custom_swagger_ui": {"executed_lines": [], "summary": {"covered_lines": 0, "num_statements": 3, "percent_covered": 0.0, "percent_covered_display": "0", "missing_lines": 3, "excluded_lines": 0, "percent_statements_covered": 0.0, "percent_statements_covered_display": "0", "num_branches": 0, "num_partial_branches": 0, "covered_branches": 0, "missing_branches": 0, "percent_branches_covered": 100.0, "percent_branches_covered_display": "100"}, "missing_lines": [14, 19, 21], "excluded_lines": [], "executed_branches": [], "missing_branches": []}, "": {"executed_lines": [], "summary": {"covered_lines": 0, "num_statements": 6, "percent_covered": 0.0, "percent_covered_display": "0", "missing_lines": 6, "excluded_lines": 0, "percent_statements_covered": 0.0, "percent_statements_covered_display": "0", "num_branches": 0, "num_partial_branches": 0, "covered_branches": 0, "missing_branches": 0, "percent_branches_covered": 100.0, "percent_branches_covered_display": "100"}, "missing_lines": [1, 2, 3, 4, 6, 9], "excluded_lines": [], "executed_branches": [], "missing_branches": []}}, "classes": {"": {"executed_lines": [], "summary": {"covered_lines": 0, "num_statements": 12, "percent_covered": 0.0, "percent_covered_display": "0", "missing_lines": 12, "excluded_lines": 0, "percent_statements_covered": 0.0, "percent_statements_covered_display": "0", "num_branches": 0, "num_partial_branches": 0, "covered_branches": 0, "missing_branches": 0, "percent_branches_covered": 100.0, "percent_branches_covered_display": "100"}, "missing_lines": [1, 2, 3, 4, 6, 9, 10, 12, 13, 14, 19, 21], "excluded_lines": [], "executed_branches": [], "missing_branches": []}}}, "configs/token_auth_provider.py": {"executed_lines": [], "summary": {"covered_lines": 0, "num_statements": 63, "percent_covered": 0.0, "percent_covered_display": "0", "missing_lines": 63, "excluded_lines": 0, "percent_statements_covered": 0.0, "percent_statements_covered_display": "0", "num_branches": 12, "num_partial_branches": 0, "covered_branches": 0, "missing_branches": 12, "percent_branches_covered": 0.0, "percent_branches_covered_display": "0"}, "missing_lines": [1, 3, 4, 5, 6, 7, 8, 9, 11, 12, 13, 14, 17, 18, 24, 25, 26, 27, 28, 29, 30, 32, 33, 36, 37, 45, 46, 47, 49, 50, 51, 53, 54, 55, 57, 58, 59, 60, 61, 62, 63, 64, 65, 66, 67, 68, 70, 71, 75, 76, 77, 81, 82, 83, 84, 87, 88, 91, 92, 93, 94, 95, 97], "excluded_lines": [], "executed_branches": [], "missing_branches": [[27, 28], [27, 29], [29, 30], [29, 32], [50, 51], [50, 53], [54, 55], [54, 57], [60, 61], [60, 62], [63, 64], [63, 65]], "functions": {"TokenAuthProvider.login": {"executed_lines": [], "summary": {"covered_lines": 0, "num_statements": 14, "percent_covered": 0.0, "percent_covered_display": "0", "missing_lines": 14, "excluded_lines": 0, "percent_statements_covered": 0.0, "percent_statements_covered_display": "0", "num_branches": 4, "num_partial_branches": 0, "covered_branches": 0, "missing_branches": 4, "percent_branches_covered": 0.0, "percent_branches_covered_display": "0"}, "missing_lines": [24, 25, 26, 27, 28, 29, 30, 32, 33, 36, 37, 45, 46, 47], "excluded_lines": [], "executed_branches": [], "missing_branches": [[27, 28], [27, 29], [29, 30], [29, 32]]}, "TokenAuthProvider.is_authenticated": {"executed_lines": [], "summary": {"covered_lines": 0, "num_statements": 17, "percent_covered": 0.0, "percent_covered_display": "0", "missing_lines": 17, "excluded_lines": 0, "percent_statements_covered": 0.0, "percent_statements_covered_display": "0", "num_branches": 8, "num_partial_branches": 0, "covered_branches": 0, "missing_branches": 8, "percent_branches_covered": 0.0, "percent_branches_covered_display": "0"}, "missing_lines": [50, 51, 53, 54, 55, 57, 58, 59, 60, 61, 62, 63, 64, 65, 66, 67, 68], "excluded_lines": [], "executed_branches": [], "missing_branches": [[50, 51], [50, 53], [54, 55], [54, 57], [60, 61], [60, 62], [63, 64], [63, 65]]}, "TokenAuthProvider.get_admin_config": {"executed_lines": [], "summary": {"covered_lines": 0, "num_statements": 1, "percent_covered": 0.0, "percent_covered_display": "0", "missing_lines": 1, "excluded_lines": 0, "percent_statements_covered": 0.0, "percent_statements_covered_display": "0", "num_branches": 0, "num_partial_branches": 0, "covered_branches": 0, "missing_branches": 0, "percent_branches_covered": 100.0, "percent_branches_covered_display": "100"}, "missing_lines": [71], "excluded_lines": [], "executed_branches": [], "missing_branches": []}, "TokenAuthProvider.get_admin_user": {"executed_lines": [], "summary": {"covered_lines": 0, "num_statements": 2, "percent_covered": 0.0, "percent_covered_display": "0", "missing_lines": 2, "excluded_lines": 0, "percent_statements_covered": 0.0, "percent_statements_covered_display": "0", "num_branches": 0, "num_partial_branches": 0, "covered_branches": 0, "missing_branches": 0, "percent_branches_covered": 100.0, "percent_branches_covered_display": "100"}, "missing_lines": [76, 77], "excluded_lines": [], "executed_branches": [], "missing_branches": []}, "TokenAuthProvider.logout": {"executed_lines": [], "summary": {"covered_lines": 0, "num_statements": 3, "percent_covered": 0.0, "percent_covered_display": "0", "missing_lines": 3, "excluded_lines": 0, "percent_statements_covered": 0.0, "percent_statements_covered_display": "0", "num_branches": 0, "num_partial_branches": 0, "covered_branches": 0, "missing_branches": 0, "percent_branches_covered": 100.0, "percent_branches_covered_display": "100"}, "missing_lines": [82, 83, 84], "excluded_lines": [], "executed_branches": [], "missing_branches": []}, "setup_admin": {"executed_lines": [], "summary": {"covered_lines": 0, "num_statements": 7, "percent_covered": 0.0, "percent_covered_display": "0", "missing_lines": 7, "excluded_lines": 0, "percent_statements_covered": 0.0, "percent_statements_covered_display": "0", "num_branches": 0, "num_partial_branches": 0, "covered_branches": 0, "missing_branches": 0, "percent_branches_covered": 100.0, "percent_branches_covered_display": "100"}, "missing_lines": [88, 91, 92, 93, 94, 95, 97], "excluded_lines": [], "executed_branches": [], "missing_branches": []}, "": {"executed_lines": [], "summary": {"covered_lines": 0, "num_statements": 19, "percent_covered": 0.0, "percent_covered_display": "0", "missing_lines": 19, "excluded_lines": 0, "percent_statements_covered": 0.0, "percent_statements_covered_display": "0", "num_branches": 0, "num_partial_branches": 0, "covered_branches": 0, "missing_branches": 0, "percent_branches_covered": 100.0, "percent_branches_covered_display": "100"}, "missing_lines": [1, 3, 4, 5, 6, 7, 8, 9, 11, 12, 13, 14, 17, 18, 49, 70, 75, 81, 87], "excluded_lines": [], "executed_branches": [], "missing_branches": []}}, "classes": {"TokenAuthProvider": {"executed_lines": [], "summary": {"covered_lines": 0, "num_statements": 37, "percent_covered": 0.0, "percent_covered_display": "0", "missing_lines": 37, "excluded_lines": 0, "percent_statements_covered": 0.0, "percent_statements_covered_display": "0", "num_branches": 12, "num_partial_branches": 0, "covered_branches": 0, "missing_branches": 12, "percent_branches_covered": 0.0, "percent_branches_covered_display": "0"}, "missing_lines": [24, 25, 26, 27, 28, 29, 30, 32, 33, 36, 37, 45, 46, 47, 50, 51, 53, 54, 55, 57, 58, 59, 60, 61, 62, 63, 64, 65, 66, 67, 68, 71, 76, 77, 82, 83, 84], "excluded_lines": [], "executed_branches": [], "missing_branches": [[27, 28], [27, 29], [29, 30], [29, 32], [50, 51], [50, 53], [54, 55], [54, 57], [60, 61], [60, 62], [63, 64], [63, 65]]}, "": {"executed_lines": [], "summary": {"covered_lines": 0, "num_statements": 26, "percent_covered": 0.0, "percent_covered_display": "0", "missing_lines": 26, "excluded_lines": 0, "percent_statements_covered": 0.0, "percent_statements_covered_display": "0", "num_branches": 0, "num_partial_branches": 0, "covered_branches": 0, "missing_branches": 0, "percent_branches_covered": 100.0, "percent_branches_covered_display": "100"}, "missing_lines": [1, 3, 4, 5, 6, 7, 8, 9, 11, 12, 13, 14, 17, 18, 49, 70, 75, 81, 87, 88, 91, 92, 93, 94, 95, 97], "excluded_lines": [], "executed_branches": [], "missing_branches": []}}}, "orion/__init__.py": {"executed_lines": [], "summary": {"covered_lines": 0, "num_statements": 0, "percent_covered": 100.0, "percent_covered_display": "100", "missing_lines": 0, "excluded_lines": 0, "percent_statements_covered": 100.0, "percent_statements_covered_display": "100", "num_branches": 0, "num_partial_branches": 0, "covered_branches": 0, "missing_branches": 0, "percent_branches_covered": 100.0, "percent_branches_covered_display": "100"}, "missing_lines": [], "excluded_lines": [], "executed_branches": [], "missing_branches": [], "functions": {"": {"executed_lines": [], "summary": {"covered_lines": 0, "num_statements": 0, "percent_covered": 100.0, "percent_covered_display": "100", "missing_lines": 0, "excluded_lines": 0, "percent_statements_covered": 100.0, "percent_statements_covered_display": "100", "num_branches": 0, "num_partial_branches": 0, "covered_branches": 0, "missing_branches": 0, "percent_branches_covered": 100.0, "percent_branches_covered_display": "100"}, "missing_lines": [], "excluded_lines": [], "executed_branches": [], "missing_branches": []}}, "classes": {"": {"executed_lines": [], "summary": {"covered_lines": 0, "num_statements": 0, "percent_covered": 100.0, "percent_covered_display": "100", "missing_lines": 0, "excluded_lines": 0, "percent_statements_covered": 100.0, "percent_statements_covered_display": "100", "num_branches": 0, "num_partial_branches": 0, "covered_branches": 0, "missing_branches": 0, "percent_branches_covered": 100.0, "percent_branches_covered_display": "100"}, "missing_lines": [], "excluded_lines": [], "executed_branches": [], "missing_branches": []}}}, "orion/api/__init__.py": {"executed_lines": [], "summary": {"covered_lines": 0, "num_statements": 0, "percent_covered": 100.0, "percent_covered_display": "100", "missing_lines": 0, "excluded_lines": 0, "percent_statements_covered": 100.0, "percent_statements_covered_display": "100", "num_branches": 0, "num_partial_branches": 0, "covered_branches": 0, "missing_branches": 0, "percent_branches_covered": 100.0, "percent_branches_covered_display": "100"}, "missing_lines": [], "excluded_lines": [], "executed_branches": [], "missing_branches": [], "functions": {"": {"executed_lines": [], "summary": {"covered_lines": 0, "num_statements": 0, "percent_covered": 100.0, "percent_covered_display": "100", "missing_lines": 0, "excluded_lines": 0, "percent_statements_covered": 100.0, "percent_statements_covered_display": "100", "num_branches": 0, "num_partial_branches": 0, "covered_branches": 0, "missing_branches": 0, "percent_branches_covered": 100.0, "percent_branches_covered_display": "100"}, "missing_lines": [], "excluded_lines": [], "executed_branches": [], "missing_branches": []}}, "classes": {"": {"executed_lines": [], "summary": {"covered_lines": 0, "num_statements": 0, "percent_covered": 100.0, "percent_covered_display": "100", "missing_lines": 0, "excluded_lines": 0, "percent_statements_covered": 100.0, "percent_statements_covered_display": "100", "num_branches": 0, "num_partial_branches": 0, "covered_branches": 0, "missing_branches": 0, "percent_branches_covered": 100.0, "percent_branches_covered_display": "100"}, "missing_lines": [], "excluded_lines": [], "executed_branches": [], "missing_branches": []}}}, "orion/api/interactive/__init__.py": {"executed_lines": [], "summary": {"covered_lines": 0, "num_statements": 0, "percent_covered": 100.0, "percent_covered_display": "100", "missing_lines": 0, "excluded_lines": 0, "percent_statements_covered": 100.0, "percent_statements_covered_display": "100", "num_branches": 0, "num_partial_branches": 0, "covered_branches": 0, "missing_branches": 0, "percent_branches_covered": 100.0, "percent_branches_covered_display": "100"}, "missing_lines": [], "excluded_lines": [], "executed_branches": [], "missing_branches": [], "functions": {"": {"executed_lines": [], "summary": {"covered_lines": 0, "num_statements": 0, "percent_covered": 100.0, "percent_covered_display": "100", "missing_lines": 0, "excluded_lines": 0, "percent_statements_covered": 100.0, "percent_statements_covered_display": "100", "num_branches": 0, "num_partial_branches": 0, "covered_branches": 0, "missing_branches": 0, "percent_branches_covered": 100.0, "percent_branches_covered_display": "100"}, "missing_lines": [], "excluded_lines": [], "executed_branches": [], "missing_branches": []}}, "classes": {"": {"executed_lines": [], "summary": {"covered_lines": 0, "num_statements": 0, "percent_covered": 100.0, "percent_covered_display": "100", "missing_lines": 0, "excluded_lines": 0, "percent_statements_covered": 100.0, "percent_statements_covered_display": "100", "num_branches": 0, "num_partial_branches": 0, "covered_branches": 0, "missing_branches": 0, "percent_branches_covered": 100.0, "percent_branches_covered_display": "100"}, "missing_lines": [], "excluded_lines": [], "executed_branches": [], "missing_branches": []}}}, "orion/api/interactive/account_manager/__init__.py": {"executed_lines": [], "summary": {"covered_lines": 0, "num_statements": 0, "percent_covered": 100.0, "percent_covered_display": "100", "missing_lines": 0, "excluded_lines": 0, "percent_statements_covered": 100.0, "percent_statements_covered_display": "100", "num_branches": 0, "num_partial_branches": 0, "covered_branches": 0, "missing_branches": 0, "percent_branches_covered": 100.0, "percent_branches_covered_display": "100"}, "missing_lines": [], "excluded_lines": [], "executed_branches": [], "missing_branches": [], "functions": {"": {"executed_lines": [], "summary": {"covered_lines": 0, "num_statements": 0, "percent_covered": 100.0, "percent_covered_display": "100", "missing_lines": 0, "excluded_lines": 0, "percent_statements_covered": 100.0, "percent_statements_covered_display": "100", "num_branches": 0, "num_partial_branches": 0, "covered_branches": 0, "missing_branches": 0, "percent_branches_covered": 100.0, "percent_branches_covered_display": "100"}, "missing_lines": [], "excluded_lines": [], "executed_branches": [], "missing_branches": []}}, "classes": {"": {"executed_lines": [], "summary": {"covered_lines": 0, "num_statements": 0, "percent_covered": 100.0, "percent_covered_display": "100", "missing_lines": 0, "excluded_lines": 0, "percent_statements_covered": 100.0, "percent_statements_covered_display": "100", "num_branches": 0, "num_partial_branches": 0, "covered_branches": 0, "missing_branches": 0, "percent_branches_covered": 100.0, "percent_branches_covered_display": "100"}, "missing_lines": [], "excluded_lines": [], "executed_branches": [], "missing_branches": []}}}, "orion/api/interactive/account_manager/account_manager.py": {"executed_lines": [1, 2, 3, 4, 6, 7, 8, 9, 11, 12, 13, 14, 15, 16, 17, 18, 19, 20, 21, 22, 25, 26, 28, 41, 42, 48, 57, 72, 119, 148, 197, 220, 235, 243], "summary": {"covered_lines": 34, "num_statements": 189, "percent_covered": 13.026819923371647, "percent_covered_display": "13", "missing_lines": 155, "excluded_lines": 0, "percent_statements_covered": 17.98941798941799, "percent_statements_covered_display": "18", "num_branches": 72, "num_partial_branches": 0, "covered_branches": 0, "missing_branches": 72, "percent_branches_covered": 0.0, "percent_branches_covered_display": "0"}, "missing_lines": [29, 30, 31, 32, 34, 35, 36, 37, 38, 39, 43, 44, 45, 46, 49, 50, 51, 54, 55, 58, 59, 61, 62, 64, 65, 66, 67, 68, 69, 70, 73, 74, 75, 77, 78, 80, 81, 82, 83, 84, 85, 87, 89, 91, 92, 93, 95, 96, 97, 99, 100, 101, 103, 113, 114, 116, 117, 120, 122, 123, 124, 126, 127, 129, 130, 131, 134, 136, 138, 139, 140, 142, 143, 146, 149, 150, 151, 152, 154, 156, 158, 160, 162, 164, 165, 167, 169, 170, 172, 174, 175, 176, 177, 178, 183, 184, 185, 186, 189, 190, 192, 195, 198, 199, 200, 201, 203, 204, 205, 206, 207, 208, 209, 210, 211, 212, 214, 215, 218, 221, 222, 224, 225, 227, 228, 230, 236, 237, 238, 239, 240, 241, 244, 245, 246, 248, 249, 250, 251, 252, 257, 258, 260, 261, 263, 265, 269, 270, 272, 273, 275, 276, 277, 279, 290], "excluded_lines": [], "executed_branches": [], "missing_branches": [[37, 38], [37, 39], [43, 44], [43, 46], [44, 45], [44, 46], [49, 50], [49, 55], [58, 59], [58, 61], [61, 62], [61, 64], [64, 65], [64, 66], [77, 78], [77, 80], [80, 81], [80, 83], [81, 82], [81, 89], [83, 84], [83, 87], [84, 85], [84, 89], [92, 93], [92, 95], [96, 97], [96, 99], [123, 124], [123, 126], [126, 127], [126, 129], [129, 130], [129, 134], [130, 131], [130, 136], [139, 140], [139, 142], [151, 152], [151, 156], [156, 158], [156, 160], [164, 165], [164, 169], [169, 170], [169, 174], [174, 175], [174, 176], [176, 177], [176, 189], [183, 184], [183, 185], [185, 186], [185, 189], [200, 201], [200, 203], [203, 204], [203, 205], [205, 206], [205, 207], [207, 208], [207, 209], [209, 210], [209, 214], [211, 212], [211, 214], [236, 237], [236, 238], [257, 258], [257, 260], [276, 277], [276, 279]], "functions": {"AccountManager.__init__": {"executed_lines": [], "summary": {"covered_lines": 0, "num_statements": 10, "percent_covered": 0.0, "percent_covered_display": "0", "missing_lines": 10, "excluded_lines": 0, "percent_statements_covered": 0.0, "percent_statements_covered_display": "0", "num_branches": 2, "num_partial_branches": 0, "covered_branches": 0, "missing_branches": 2, "percent_branches_covered": 0.0, "percent_branches_covered_display": "0"}, "missing_lines": [29, 30, 31, 32, 34, 35, 36, 37, 38, 39], "excluded_lines": [], "executed_branches": [], "missing_branches": [[37, 38], [37, 39]]}, "AccountManager.get_instance": {"executed_lines": [], "summary": {"covered_lines": 0, "num_statements": 4, "percent_covered": 0.0, "percent_covered_display": "0", "missing_lines": 4, "excluded_lines": 0, "percent_statements_covered": 0.0, "percent_statements_covered_display": "0", "num_branches": 4, "num_partial_branches": 0, "covered_branches": 0, "missing_branches": 4, "percent_branches_covered": 0.0, "percent_branches_covered_display": "0"}, "missing_lines": [43, 44, 45, 46], "excluded_lines": [], "executed_branches": [], "missing_branches": [[43, 44], [43, 46], [44, 45], [44, 46]]}, "AccountManager.get_all_users": {"executed_lines": [], "summary": {"covered_lines": 0, "num_statements": 5, "percent_covered": 0.0, "percent_covered_display": "0", "missing_lines": 5, "excluded_lines": 0, "percent_statements_covered": 0.0, "percent_statements_covered_display": "0", "num_branches": 2, "num_partial_branches": 0, "covered_branches": 0, "missing_branches": 2, "percent_branches_covered": 0.0, "percent_branches_covered_display": "0"}, "missing_lines": [49, 50, 51, 54, 55], "excluded_lines": [], "executed_branches": [], "missing_branches": [[49, 50], [49, 55]]}, "AccountManager.create_tenant_user": {"executed_lines": [], "summary": {"covered_lines": 0, "num_statements": 11, "percent_covered": 0.0, "percent_covered_display": "0", "missing_lines": 11, "excluded_lines": 0, "percent_statements_covered": 0.0, "percent_statements_covered_display": "0", "num_branches": 6, "num_partial_branches": 0, "covered_branches": 0, "missing_branches": 6, "percent_branches_covered": 0.0, "percent_branches_covered_display": "0"}, "missing_lines": [58, 59, 61, 62, 64, 65, 66, 67, 68, 69, 70], "excluded_lines": [], "executed_branches": [], "missing_branches": [[58, 59], [58, 61], [61, 62], [61, 64], [64, 65], [64, 66]]}, "AccountManager.create_user": {"executed_lines": [], "summary": {"covered_lines": 0, "num_statements": 27, "percent_covered": 0.0, "percent_covered_display": "0", "missing_lines": 27, "excluded_lines": 0, "percent_statements_covered": 0.0, "percent_statements_covered_display": "0", "num_branches": 14, "num_partial_branches": 0, "covered_branches": 0, "missing_branches": 14, "percent_branches_covered": 0.0, "percent_branches_covered_display": "0"}, "missing_lines": [73, 74, 75, 77, 78, 80, 81, 82, 83, 84, 85, 87, 89, 91, 92, 93, 95, 96, 97, 99, 100, 101, 103, 113, 114, 116, 117], "excluded_lines": [], "executed_branches": [], "missing_branches": [[77, 78], [77, 80], [80, 81], [80, 83], [81, 82], [81, 89], [83, 84], [83, 87], [84, 85], [84, 89], [92, 93], [92, 95], [96, 97], [96, 99]]}, "AccountManager.delete_user": {"executed_lines": [], "summary": {"covered_lines": 0, "num_statements": 17, "percent_covered": 0.0, "percent_covered_display": "0", "missing_lines": 17, "excluded_lines": 0, "percent_statements_covered": 0.0, "percent_statements_covered_display": "0", "num_branches": 10, "num_partial_branches": 0, "covered_branches": 0, "missing_branches": 10, "percent_branches_covered": 0.0, "percent_branches_covered_display": "0"}, "missing_lines": [120, 122, 123, 124, 126, 127, 129, 130, 131, 134, 136, 138, 139, 140, 142, 143, 146], "excluded_lines": [], "executed_branches": [], "missing_branches": [[123, 124], [123, 126], [126, 127], [126, 129], [129, 130], [129, 134], [130, 131], [130, 136], [139, 140], [139, 142]]}, "AccountManager.update_user": {"executed_lines": [], "summary": {"covered_lines": 0, "num_statements": 28, "percent_covered": 0.0, "percent_covered_display": "0", "missing_lines": 28, "excluded_lines": 0, "percent_statements_covered": 0.0, "percent_statements_covered_display": "0", "num_branches": 16, "num_partial_branches": 0, "covered_branches": 0, "missing_branches": 16, "percent_branches_covered": 0.0, "percent_branches_covered_display": "0"}, "missing_lines": [149, 150, 151, 152, 154, 156, 158, 160, 162, 164, 165, 167, 169, 170, 172, 174, 175, 176, 177, 178, 183, 184, 185, 186, 189, 190, 192, 195], "excluded_lines": [], "executed_branches": [], "missing_branches": [[151, 152], [151, 156], [156, 158], [156, 160], [164, 165], [164, 169], [169, 170], [169, 174], [174, 175], [174, 176], [176, 177], [176, 189], [183, 184], [183, 185], [185, 186], [185, 189]]}, "AccountManager.update_current_user": {"executed_lines": [], "summary": {"covered_lines": 0, "num_statements": 17, "percent_covered": 0.0, "percent_covered_display": "0", "missing_lines": 17, "excluded_lines": 0, "percent_statements_covered": 0.0, "percent_statements_covered_display": "0", "num_branches": 12, "num_partial_branches": 0, "covered_branches": 0, "missing_branches": 12, "percent_branches_covered": 0.0, "percent_branches_covered_display": "0"}, "missing_lines": [198, 199, 200, 201, 203, 204, 205, 206, 207, 208, 209, 210, 211, 212, 214, 215, 218], "excluded_lines": [], "executed_branches": [], "missing_branches": [[200, 201], [200, 203], [203, 204], [203, 205], [205, 206], [205, 207], [207, 208], [207, 209], [209, 210], [209, 214], [211, 212], [211, 214]]}, "AccountManager.getProfileImage": {"executed_lines": [], "summary": {"covered_lines": 0, "num_statements": 7, "percent_covered": 0.0, "percent_covered_display": "0", "missing_lines": 7, "excluded_lines": 0, "percent_statements_covered": 0.0, "percent_statements_covered_display": "0", "num_branches": 0, "num_partial_branches": 0, "covered_branches": 0, "missing_branches": 0, "percent_branches_covered": 100.0, "percent_branches_covered_display": "100"}, "missing_lines": [221, 222, 224, 225, 227, 228, 230], "excluded_lines": [], "executed_branches": [], "missing_branches": []}, "AccountManager.safe_decrypt": {"executed_lines": [], "summary": {"covered_lines": 0, "num_statements": 6, "percent_covered": 0.0, "percent_covered_display": "0", "missing_lines": 6, "excluded_lines": 0, "percent_statements_covered": 0.0, "percent_statements_covered_display": "0", "num_branches": 2, "num_partial_branches": 0, "covered_branches": 0, "missing_branches": 2, "percent_branches_covered": 0.0, "percent_branches_covered_display": "0"}, "missing_lines": [236, 237, 238, 239, 240, 241], "excluded_lines": [], "executed_branches": [], "missing_branches": [[236, 237], [236, 238]]}, "AccountManager.get_node": {"executed_lines": [], "summary": {"covered_lines": 0, "num_statements": 23, "percent_covered": 0.0, "percent_covered_display": "0", "missing_lines": 23, "excluded_lines": 0, "percent_statements_covered": 0.0, "percent_statements_covered_display": "0", "num_branches": 4, "num_partial_branches": 0, "covered_branches": 0, "missing_branches": 4, "percent_branches_covered": 0.0, "percent_branches_covered_display": "0"}, "missing_lines": [244, 245, 246, 248, 249, 250, 251, 252, 257, 258, 260, 261, 263, 265, 269, 270, 272, 273, 275, 276, 277, 279, 290], "excluded_lines": [], "executed_branches": [], "missing_branches": [[257, 258], [257, 260], [276, 277], [276, 279]]}, "": {"executed_lines": [1, 2, 3, 4, 6, 7, 8, 9, 11, 12, 13, 14, 15, 16, 17, 18, 19, 20, 21, 22, 25, 26, 28, 41, 42, 48, 57, 72, 119, 148, 197, 220, 235, 243], "summary": {"covered_lines": 34, "num_statements": 34, "percent_covered": 100.0, "percent_covered_display": "100", "missing_lines": 0, "excluded_lines": 0, "percent_statements_covered": 100.0, "percent_statements_covered_display": "100", "num_branches": 0, "num_partial_branches": 0, "covered_branches": 0, "missing_branches": 0, "percent_branches_covered": 100.0, "percent_branches_covered_display": "100"}, "missing_lines": [], "excluded_lines": [], "executed_branches": [], "missing_branches": []}}, "classes": {"AccountManager": {"executed_lines": [], "summary": {"covered_lines": 0, "num_statements": 155, "percent_covered": 0.0, "percent_covered_display": "0", "missing_lines": 155, "excluded_lines": 0, "percent_statements_covered": 0.0, "percent_statements_covered_display": "0", "num_branches": 72, "num_partial_branches": 0, "covered_branches": 0, "missing_branches": 72, "percent_branches_covered": 0.0, "percent_branches_covered_display": "0"}, "missing_lines": [29, 30, 31, 32, 34, 35, 36, 37, 38, 39, 43, 44, 45, 46, 49, 50, 51, 54, 55, 58, 59, 61, 62, 64, 65, 66, 67, 68, 69, 70, 73, 74, 75, 77, 78, 80, 81, 82, 83, 84, 85, 87, 89, 91, 92, 93, 95, 96, 97, 99, 100, 101, 103, 113, 114, 116, 117, 120, 122, 123, 124, 126, 127, 129, 130, 131, 134, 136, 138, 139, 140, 142, 143, 146, 149, 150, 151, 152, 154, 156, 158, 160, 162, 164, 165, 167, 169, 170, 172, 174, 175, 176, 177, 178, 183, 184, 185, 186, 189, 190, 192, 195, 198, 199, 200, 201, 203, 204, 205, 206, 207, 208, 209, 210, 211, 212, 214, 215, 218, 221, 222, 224, 225, 227, 228, 230, 236, 237, 238, 239, 240, 241, 244, 245, 246, 248, 249, 250, 251, 252, 257, 258, 260, 261, 263, 265, 269, 270, 272, 273, 275, 276, 277, 279, 290], "excluded_lines": [], "executed_branches": [], "missing_branches": [[37, 38], [37, 39], [43, 44], [43, 46], [44, 45], [44, 46], [49, 50], [49, 55], [58, 59], [58, 61], [61, 62], [61, 64], [64, 65], [64, 66], [77, 78], [77, 80], [80, 81], [80, 83], [81, 82], [81, 89], [83, 84], [83, 87], [84, 85], [84, 89], [92, 93], [92, 95], [96, 97], [96, 99], [123, 124], [123, 126], [126, 127], [126, 129], [129, 130], [129, 134], [130, 131], [130, 136], [139, 140], [139, 142], [151, 152], [151, 156], [156, 158], [156, 160], [164, 165], [164, 169], [169, 170], [169, 174], [174, 175], [174, 176], [176, 177], [176, 189], [183, 184], [183, 185], [185, 186], [185, 189], [200, 201], [200, 203], [203, 204], [203, 205], [205, 206], [205, 207], [207, 208], [207, 209], [209, 210], [209, 214], [211, 212], [211, 214], [236, 237], [236, 238], [257, 258], [257, 260], [276, 277], [276, 279]]}, "": {"executed_lines": [1, 2, 3, 4, 6, 7, 8, 9, 11, 12, 13, 14, 15, 16, 17, 18, 19, 20, 21, 22, 25, 26, 28, 41, 42, 48, 57, 72, 119, 148, 197, 220, 235, 243], "summary": {"covered_lines": 34, "num_statements": 34, "percent_covered": 100.0, "percent_covered_display": "100", "missing_lines": 0, "excluded_lines": 0, "percent_statements_covered": 100.0, "percent_statements_covered_display": "100", "num_branches": 0, "num_partial_branches": 0, "covered_branches": 0, "missing_branches": 0, "percent_branches_covered": 100.0, "percent_branches_covered_display": "100"}, "missing_lines": [], "excluded_lines": [], "executed_branches": [], "missing_branches": []}}}, "orion/api/interactive/account_manager/models/__init__.py": {"executed_lines": [], "summary": {"covered_lines": 0, "num_statements": 0, "percent_covered": 100.0, "percent_covered_display": "100", "missing_lines": 0, "excluded_lines": 0, "percent_statements_covered": 100.0, "percent_statements_covered_display": "100", "num_branches": 0, "num_partial_branches": 0, "covered_branches": 0, "missing_branches": 0, "percent_branches_covered": 100.0, "percent_branches_covered_display": "100"}, "missing_lines": [], "excluded_lines": [], "executed_branches": [], "missing_branches": [], "functions": {"": {"executed_lines": [], "summary": {"covered_lines": 0, "num_statements": 0, "percent_covered": 100.0, "percent_covered_display": "100", "missing_lines": 0, "excluded_lines": 0, "percent_statements_covered": 100.0, "percent_statements_covered_display": "100", "num_branches": 0, "num_partial_branches": 0, "covered_branches": 0, "missing_branches": 0, "percent_branches_covered": 100.0, "percent_branches_covered_display": "100"}, "missing_lines": [], "excluded_lines": [], "executed_branches": [], "missing_branches": []}}, "classes": {"": {"executed_lines": [], "summary": {"covered_lines": 0, "num_statements": 0, "percent_covered": 100.0, "percent_covered_display": "100", "missing_lines": 0, "excluded_lines": 0, "percent_statements_covered": 100.0, "percent_statements_covered_display": "100", "num_branches": 0, "num_partial_branches": 0, "covered_branches": 0, "missing_branches": 0, "percent_branches_covered": 100.0, "percent_branches_covered_display": "100"}, "missing_lines": [], "excluded_lines": [], "executed_branches": [], "missing_branches": []}}}, "orion/api/interactive/account_manager/models/node_callback_model.py": {"executed_lines": [1, 2, 4, 6, 7, 10, 11, 12, 13, 14, 15, 16, 17, 18, 19, 20, 23, 24, 25, 26, 27, 28, 29, 30, 31, 32, 33, 34, 35, 36, 37, 40, 41, 42, 43, 44], "summary": {"covered_lines": 36, "num_statements": 36, "percent_covered": 100.0, "percent_covered_display": "100", "missing_lines": 0, "excluded_lines": 0, "percent_statements_covered": 100.0, "percent_statements_covered_display": "100", "num_branches": 0, "num_partial_branches": 0, "covered_branches": 0, "missing_branches": 0, "percent_branches_covered": 100.0, "percent_branches_covered_display": "100"}, "missing_lines": [], "excluded_lines": [], "executed_branches": [], "missing_branches": [], "functions": {"": {"executed_lines": [1, 2, 4, 6, 7, 10, 11, 12, 13, 14, 15, 16, 17, 18, 19, 20, 23, 24, 25, 26, 27, 28, 29, 30, 31, 32, 33, 34, 35, 36, 37, 40, 41, 42, 43, 44], "summary": {"covered_lines": 36, "num_statements": 36, "percent_covered": 100.0, "percent_covered_display": "100", "missing_lines": 0, "excluded_lines": 0, "percent_statements_covered": 100.0, "percent_statements_covered_display": "100", "num_branches": 0, "num_partial_branches": 0, "covered_branches": 0, "missing_branches": 0, "percent_branches_covered": 100.0, "percent_branches_covered_display": "100"}, "missing_lines": [], "excluded_lines": [], "executed_branches": [], "missing_branches": []}}, "classes": {"UserDataModel": {"executed_lines": [], "summary": {"covered_lines": 0, "num_statements": 0, "percent_covered": 100.0, "percent_covered_display": "100", "missing_lines": 0, "excluded_lines": 0, "percent_statements_covered": 100.0, "percent_statements_covered_display": "100", "num_branches": 0, "num_partial_branches": 0, "covered_branches": 0, "missing_branches": 0, "percent_branches_covered": 100.0, "percent_branches_covered_display": "100"}, "missing_lines": [], "excluded_lines": [], "executed_branches": [], "missing_branches": []}, "TenantDataModel": {"executed_lines": [], "summary": {"covered_lines": 0, "num_statements": 0, "percent_covered": 100.0, "percent_covered_display": "100", "missing_lines": 0, "excluded_lines": 0, "percent_statements_covered": 100.0, "percent_statements_covered_display": "100", "num_branches": 0, "num_partial_branches": 0, "covered_branches": 0, "missing_branches": 0, "percent_branches_covered": 100.0, "percent_branches_covered_display": "100"}, "missing_lines": [], "excluded_lines": [], "executed_branches": [], "missing_branches": []}, "NodeCallbackModel": {"executed_lines": [], "summary": {"covered_lines": 0, "num_statements": 0, "percent_covered": 100.0, "percent_covered_display": "100", "missing_lines": 0, "excluded_lines": 0, "percent_statements_covered": 100.0, "percent_statements_covered_display": "100", "num_branches": 0, "num_partial_branches": 0, "covered_branches": 0, "missing_branches": 0, "percent_branches_covered": 100.0, "percent_branches_covered_display": "100"}, "missing_lines": [], "excluded_lines": [], "executed_branches": [], "missing_branches": []}, "": {"executed_lines": [1, 2, 4, 6, 7, 10, 11, 12, 13, 14, 15, 16, 17, 18, 19, 20, 23, 24, 25, 26, 27, 28, 29, 30, 31, 32, 33, 34, 35, 36, 37, 40, 41, 42, 43, 44], "summary": {"covered_lines": 36, "num_statements": 36, "percent_covered": 100.0, "percent_covered_display": "100", "missing_lines": 0, "excluded_lines": 0, "percent_statements_covered": 100.0, "percent_statements_covered_display": "100", "num_branches": 0, "num_partial_branches": 0, "covered_branches": 0, "missing_branches": 0, "percent_branches_covered": 100.0, "percent_branches_covered_display": "100"}, "missing_lines": [], "excluded_lines": [], "executed_branches": [], "missing_branches": []}}}, "orion/api/interactive/account_manager/models/user_meta_model.py": {"executed_lines": [1, 3, 6, 7, 8, 9, 10, 11], "summary": {"covered_lines": 8, "num_statements": 8, "percent_covered": 100.0, "percent_covered_display": "100", "missing_lines": 0, "excluded_lines": 0, "percent_statements_covered": 100.0, "percent_statements_covered_display": "100", "num_branches": 0, "num_partial_branches": 0, "covered_branches": 0, "missing_branches": 0, "percent_branches_covered": 100.0, "percent_branches_covered_display": "100"}, "missing_lines": [], "excluded_lines": [], "executed_branches": [], "missing_branches": [], "functions": {"": {"executed_lines": [1, 3, 6, 7, 8, 9, 10, 11], "summary": {"covered_lines": 8, "num_statements": 8, "percent_covered": 100.0, "percent_covered_display": "100", "missing_lines": 0, "excluded_lines": 0, "percent_statements_covered": 100.0, "percent_statements_covered_display": "100", "num_branches": 0, "num_partial_branches": 0, "covered_branches": 0, "missing_branches": 0, "percent_branches_covered": 100.0, "percent_branches_covered_display": "100"}, "missing_lines": [], "excluded_lines": [], "executed_branches": [], "missing_branches": []}}, "classes": {"user_meta_model": {"executed_lines": [], "summary": {"covered_lines": 0, "num_statements": 0, "percent_covered": 100.0, "percent_covered_display": "100", "missing_lines": 0, "excluded_lines": 0, "percent_statements_covered": 100.0, "percent_statements_covered_display": "100", "num_branches": 0, "num_partial_branches": 0, "covered_branches": 0, "missing_branches": 0, "percent_branches_covered": 100.0, "percent_branches_covered_display": "100"}, "missing_lines": [], "excluded_lines": [], "executed_branches": [], "missing_branches": []}, "": {"executed_lines": [1, 3, 6, 7, 8, 9, 10, 11], "summary": {"covered_lines": 8, "num_statements": 8, "percent_covered": 100.0, "percent_covered_display": "100", "missing_lines": 0, "excluded_lines": 0, "percent_statements_covered": 100.0, "percent_statements_covered_display": "100", "num_branches": 0, "num_partial_branches": 0, "covered_branches": 0, "missing_branches": 0, "percent_branches_covered": 100.0, "percent_branches_covered_display": "100"}, "missing_lines": [], "excluded_lines": [], "executed_branches": [], "missing_branches": []}}}, "orion/api/interactive/account_manager/models/user_model.py": {"executed_lines": [1, 3, 5, 8, 9, 10, 11, 12, 13, 14, 15], "summary": {"covered_lines": 11, "num_statements": 11, "percent_covered": 100.0, "percent_covered_display": "100", "missing_lines": 0, "excluded_lines": 0, "percent_statements_covered": 100.0, "percent_statements_covered_display": "100", "num_branches": 0, "num_partial_branches": 0, "covered_branches": 0, "missing_branches": 0, "percent_branches_covered": 100.0, "percent_branches_covered_display": "100"}, "missing_lines": [], "excluded_lines": [], "executed_branches": [], "missing_branches": [], "functions": {"": {"executed_lines": [1, 3, 5, 8, 9, 10, 11, 12, 13, 14, 15], "summary": {"covered_lines": 11, "num_statements": 11, "percent_covered": 100.0, "percent_covered_display": "100", "missing_lines": 0, "excluded_lines": 0, "percent_statements_covered": 100.0, "percent_statements_covered_display": "100", "num_branches": 0, "num_partial_branches": 0, "covered_branches": 0, "missing_branches": 0, "percent_branches_covered": 100.0, "percent_branches_covered_display": "100"}, "missing_lines": [], "excluded_lines": [], "executed_branches": [], "missing_branches": []}}, "classes": {"user_model": {"executed_lines": [], "summary": {"covered_lines": 0, "num_statements": 0, "percent_covered": 100.0, "percent_covered_display": "100", "missing_lines": 0, "excluded_lines": 0, "percent_statements_covered": 100.0, "percent_statements_covered_display": "100", "num_branches": 0, "num_partial_branches": 0, "covered_branches": 0, "missing_branches": 0, "percent_branches_covered": 100.0, "percent_branches_covered_display": "100"}, "missing_lines": [], "excluded_lines": [], "executed_branches": [], "missing_branches": []}, "": {"executed_lines": [1, 3, 5, 8, 9, 10, 11, 12, 13, 14, 15], "summary": {"covered_lines": 11, "num_statements": 11, "percent_covered": 100.0, "percent_covered_display": "100", "missing_lines": 0, "excluded_lines": 0, "percent_statements_covered": 100.0, "percent_statements_covered_display": "100", "num_branches": 0, "num_partial_branches": 0, "covered_branches": 0, "missing_branches": 0, "percent_branches_covered": 100.0, "percent_branches_covered_display": "100"}, "missing_lines": [], "excluded_lines": [], "executed_branches": [], "missing_branches": []}}}, "orion/api/interactive/account_manager/models/user_param_model.py": {"executed_lines": [1, 2, 4, 6, 9, 10, 11, 14, 15, 16, 17, 18, 19, 20, 21], "summary": {"covered_lines": 15, "num_statements": 15, "percent_covered": 100.0, "percent_covered_display": "100", "missing_lines": 0, "excluded_lines": 0, "percent_statements_covered": 100.0, "percent_statements_covered_display": "100", "num_branches": 0, "num_partial_branches": 0, "covered_branches": 0, "missing_branches": 0, "percent_branches_covered": 100.0, "percent_branches_covered_display": "100"}, "missing_lines": [], "excluded_lines": [], "executed_branches": [], "missing_branches": [], "functions": {"": {"executed_lines": [1, 2, 4, 6, 9, 10, 11, 14, 15, 16, 17, 18, 19, 20, 21], "summary": {"covered_lines": 15, "num_statements": 15, "percent_covered": 100.0, "percent_covered_display": "100", "missing_lines": 0, "excluded_lines": 0, "percent_statements_covered": 100.0, "percent_statements_covered_display": "100", "num_branches": 0, "num_partial_branches": 0, "covered_branches": 0, "missing_branches": 0, "percent_branches_covered": 100.0, "percent_branches_covered_display": "100"}, "missing_lines": [], "excluded_lines": [], "executed_branches": [], "missing_branches": []}}, "classes": {"UserStatus": {"executed_lines": [], "summary": {"covered_lines": 0, "num_statements": 0, "percent_covered": 100.0, "percent_covered_display": "100", "missing_lines": 0, "excluded_lines": 0, "percent_statements_covered": 100.0, "percent_statements_covered_display": "100", "num_branches": 0, "num_partial_branches": 0, "covered_branches": 0, "missing_branches": 0, "percent_branches_covered": 100.0, "percent_branches_covered_display": "100"}, "missing_lines": [], "excluded_lines": [], "executed_branches": [], "missing_branches": []}, "user_param_model": {"executed_lines": [], "summary": {"covered_lines": 0, "num_statements": 0, "percent_covered": 100.0, "percent_covered_display": "100", "missing_lines": 0, "excluded_lines": 0, "percent_statements_covered": 100.0, "percent_statements_covered_display": "100", "num_branches": 0, "num_partial_branches": 0, "covered_branches": 0, "missing_branches": 0, "percent_branches_covered": 100.0, "percent_branches_covered_display": "100"}, "missing_lines": [], "excluded_lines": [], "executed_branches": [], "missing_branches": []}, "": {"executed_lines": [1, 2, 4, 6, 9, 10, 11, 14, 15, 16, 17, 18, 19, 20, 21], "summary": {"covered_lines": 15, "num_statements": 15, "percent_covered": 100.0, "percent_covered_display": "100", "missing_lines": 0, "excluded_lines": 0, "percent_statements_covered": 100.0, "percent_statements_covered_display": "100", "num_branches": 0, "num_partial_branches": 0, "covered_branches": 0, "missing_branches": 0, "percent_branches_covered": 100.0, "percent_branches_covered_display": "100"}, "missing_lines": [], "excluded_lines": [], "executed_branches": [], "missing_branches": []}}}, "orion/api/interactive/alert_manager/alert_manager.py": {"executed_lines": [1, 2, 3, 4, 6, 8, 9, 11, 12, 13, 16, 17, 18, 20, 21, 28, 38, 43, 46, 50, 53, 111, 167, 222, 248, 277, 298, 324, 398, 416, 437, 455, 464, 472, 473, 489], "summary": {"covered_lines": 36, "num_statements": 292, "percent_covered": 8.737864077669903, "percent_covered_display": "9", "missing_lines": 256, "excluded_lines": 0, "percent_statements_covered": 12.32876712328767, "percent_statements_covered_display": "12", "num_branches": 120, "num_partial_branches": 0, "covered_branches": 0, "missing_branches": 120, "percent_branches_covered": 0.0, "percent_branches_covered_display": "0"}, "missing_lines": [22, 23, 24, 25, 26, 29, 30, 31, 32, 33, 34, 35, 36, 39, 40, 44, 47, 48, 51, 54, 55, 57, 58, 59, 61, 66, 67, 69, 70, 71, 73, 74, 75, 76, 77, 79, 81, 82, 83, 84, 85, 87, 102, 103, 104, 106, 108, 109, 124, 125, 127, 128, 130, 131, 132, 133, 135, 136, 138, 139, 155, 156, 157, 159, 161, 163, 164, 165, 168, 170, 171, 172, 174, 176, 178, 195, 197, 198, 199, 200, 201, 202, 203, 204, 205, 206, 207, 208, 209, 210, 212, 213, 214, 216, 218, 219, 220, 223, 224, 226, 227, 228, 229, 230, 231, 232, 233, 234, 235, 236, 237, 238, 239, 240, 241, 242, 243, 244, 245, 246, 249, 250, 253, 254, 256, 258, 259, 260, 262, 263, 264, 266, 267, 269, 270, 272, 273, 275, 278, 280, 283, 284, 286, 288, 289, 291, 293, 294, 296, 299, 300, 301, 302, 304, 305, 306, 307, 308, 310, 312, 334, 337, 338, 339, 342, 343, 344, 351, 352, 353, 354, 356, 358, 359, 360, 362, 363, 365, 366, 368, 369, 370, 371, 372, 373, 374, 376, 380, 381, 382, 383, 385, 387, 394, 395, 396, 399, 401, 404, 405, 407, 408, 410, 411, 412, 414, 417, 419, 421, 422, 424, 425, 426, 428, 429, 432, 433, 435, 438, 441, 442, 443, 445, 447, 449, 450, 451, 453, 456, 460, 461, 462, 465, 468, 469, 470, 474, 476, 477, 478, 480, 481, 482, 484, 485, 487, 490, 491, 492, 494, 496, 497, 498, 500, 501, 503], "excluded_lines": [], "executed_branches": [], "missing_branches": [[22, 23], [22, 26], [24, 25], [24, 26], [34, 35], [34, 36], [54, 55], [54, 57], [58, 59], [58, 61], [69, 70], [69, 108], [73, 74], [73, 106], [82, 83], [82, 87], [124, 125], [124, 127], [130, 131], [130, 138], [131, 132], [131, 138], [132, 131], [132, 133], [138, 139], [138, 161], [155, 156], [155, 159], [171, 172], [171, 174], [197, 198], [197, 212], [198, 199], [198, 212], [199, 198], [199, 200], [212, 213], [212, 216], [226, 227], [226, 228], [234, 235], [234, 242], [235, 234], [235, 236], [242, 243], [242, 244], [253, 254], [253, 256], [258, 259], [258, 269], [262, 258], [262, 263], [263, 262], [263, 264], [269, 270], [269, 272], [283, 284], [283, 286], [288, 289], [288, 291], [300, 301], [300, 302], [302, 304], [302, 305], [305, 306], [305, 307], [307, 308], [307, 310], [338, 339], [338, 342], [342, 343], [342, 356], [343, 344], [343, 354], [351, 352], [351, 353], [358, 359], [358, 362], [362, 363], [362, 365], [365, 366], [365, 368], [369, 370], [369, 376], [370, 371], [370, 376], [372, 373], [372, 374], [394, 395], [394, 396], [404, 405], [404, 407], [407, 408], [407, 410], [421, 422], [421, 424], [428, 429], [428, 432], [441, 442], [441, 445], [449, 450], [449, 453], [460, 461], [460, 462], [468, 469], [468, 470], [477, 478], [477, 480], [480, 481], [480, 484], [481, 480], [481, 482], [484, 485], [484, 487], [491, 492], [491, 494], [497, 498], [497, 503], [500, 497], [500, 501]], "functions": {"AlertManager.getInstance": {"executed_lines": [], "summary": {"covered_lines": 0, "num_statements": 5, "percent_covered": 0.0, "percent_covered_display": "0", "missing_lines": 5, "excluded_lines": 0, "percent_statements_covered": 0.0, "percent_statements_covered_display": "0", "num_branches": 4, "num_partial_branches": 0, "covered_branches": 0, "missing_branches": 4, "percent_branches_covered": 0.0, "percent_branches_covered_display": "0"}, "missing_lines": [22, 23, 24, 25, 26], "excluded_lines": [], "executed_branches": [], "missing_branches": [[22, 23], [22, 26], [24, 25], [24, 26]]}, "AlertManager.__init__": {"executed_lines": [], "summary": {"covered_lines": 0, "num_statements": 8, "percent_covered": 0.0, "percent_covered_display": "0", "missing_lines": 8, "excluded_lines": 0, "percent_statements_covered": 0.0, "percent_statements_covered_display": "0", "num_branches": 2, "num_partial_branches": 0, "covered_branches": 0, "missing_branches": 2, "percent_branches_covered": 0.0, "percent_branches_covered_display": "0"}, "missing_lines": [29, 30, 31, 32, 33, 34, 35, 36], "excluded_lines": [], "executed_branches": [], "missing_branches": [[34, 35], [34, 36]]}, "AlertManager.get_alert_job": {"executed_lines": [], "summary": {"covered_lines": 0, "num_statements": 2, "percent_covered": 0.0, "percent_covered_display": "0", "missing_lines": 2, "excluded_lines": 0, "percent_statements_covered": 0.0, "percent_statements_covered_display": "0", "num_branches": 0, "num_partial_branches": 0, "covered_branches": 0, "missing_branches": 0, "percent_branches_covered": 100.0, "percent_branches_covered_display": "100"}, "missing_lines": [39, 40], "excluded_lines": [], "executed_branches": [], "missing_branches": []}, "AlertManager.get_user_alerts": {"executed_lines": [], "summary": {"covered_lines": 0, "num_statements": 1, "percent_covered": 0.0, "percent_covered_display": "0", "missing_lines": 1, "excluded_lines": 0, "percent_statements_covered": 0.0, "percent_statements_covered_display": "0", "num_branches": 0, "num_partial_branches": 0, "covered_branches": 0, "missing_branches": 0, "percent_branches_covered": 100.0, "percent_branches_covered_display": "100"}, "missing_lines": [44], "excluded_lines": [], "executed_branches": [], "missing_branches": []}, "AlertManager._smart_hash": {"executed_lines": [], "summary": {"covered_lines": 0, "num_statements": 2, "percent_covered": 0.0, "percent_covered_display": "0", "missing_lines": 2, "excluded_lines": 0, "percent_statements_covered": 0.0, "percent_statements_covered_display": "0", "num_branches": 0, "num_partial_branches": 0, "covered_branches": 0, "missing_branches": 0, "percent_branches_covered": 100.0, "percent_branches_covered_display": "100"}, "missing_lines": [47, 48], "excluded_lines": [], "executed_branches": [], "missing_branches": []}, "AlertManager.get_alert_summary": {"executed_lines": [], "summary": {"covered_lines": 0, "num_statements": 1, "percent_covered": 0.0, "percent_covered_display": "0", "missing_lines": 1, "excluded_lines": 0, "percent_statements_covered": 0.0, "percent_statements_covered_display": "0", "num_branches": 0, "num_partial_branches": 0, "covered_branches": 0, "missing_branches": 0, "percent_branches_covered": 100.0, "percent_branches_covered_display": "100"}, "missing_lines": [51], "excluded_lines": [], "executed_branches": [], "missing_branches": []}, "AlertManager.upsert_alerts_bulk": {"executed_lines": [], "summary": {"covered_lines": 0, "num_statements": 29, "percent_covered": 0.0, "percent_covered_display": "0", "missing_lines": 29, "excluded_lines": 0, "percent_statements_covered": 0.0, "percent_statements_covered_display": "0", "num_branches": 10, "num_partial_branches": 0, "covered_branches": 0, "missing_branches": 10, "percent_branches_covered": 0.0, "percent_branches_covered_display": "0"}, "missing_lines": [54, 55, 57, 58, 59, 61, 66, 67, 69, 70, 71, 73, 74, 75, 76, 77, 79, 81, 82, 83, 84, 85, 87, 102, 103, 104, 106, 108, 109], "excluded_lines": [], "executed_branches": [], "missing_branches": [[54, 55], [54, 57], [58, 59], [58, 61], [69, 70], [69, 108], [73, 74], [73, 106], [82, 83], [82, 87]]}, "AlertManager.upsert_alert": {"executed_lines": [], "summary": {"covered_lines": 0, "num_statements": 20, "percent_covered": 0.0, "percent_covered_display": "0", "missing_lines": 20, "excluded_lines": 0, "percent_statements_covered": 0.0, "percent_statements_covered_display": "0", "num_branches": 12, "num_partial_branches": 0, "covered_branches": 0, "missing_branches": 12, "percent_branches_covered": 0.0, "percent_branches_covered_display": "0"}, "missing_lines": [124, 125, 127, 128, 130, 131, 132, 133, 135, 136, 138, 139, 155, 156, 157, 159, 161, 163, 164, 165], "excluded_lines": [], "executed_branches": [], "missing_branches": [[124, 125], [124, 127], [130, 131], [130, 138], [131, 132], [131, 138], [132, 131], [132, 133], [138, 139], [138, 161], [155, 156], [155, 159]]}, "AlertManager.add_custom_alert": {"executed_lines": [], "summary": {"covered_lines": 0, "num_statements": 29, "percent_covered": 0.0, "percent_covered_display": "0", "missing_lines": 29, "excluded_lines": 0, "percent_statements_covered": 0.0, "percent_statements_covered_display": "0", "num_branches": 10, "num_partial_branches": 0, "covered_branches": 0, "missing_branches": 10, "percent_branches_covered": 0.0, "percent_branches_covered_display": "0"}, "missing_lines": [168, 170, 171, 172, 174, 176, 178, 195, 197, 198, 199, 200, 201, 202, 203, 204, 205, 206, 207, 208, 209, 210, 212, 213, 214, 216, 218, 219, 220], "excluded_lines": [], "executed_branches": [], "missing_branches": [[171, 172], [171, 174], [197, 198], [197, 212], [198, 199], [198, 212], [199, 198], [199, 200], [212, 213], [212, 216]]}, "AlertManager.update_alert": {"executed_lines": [], "summary": {"covered_lines": 0, "num_statements": 23, "percent_covered": 0.0, "percent_covered_display": "0", "missing_lines": 23, "excluded_lines": 0, "percent_statements_covered": 0.0, "percent_statements_covered_display": "0", "num_branches": 8, "num_partial_branches": 0, "covered_branches": 0, "missing_branches": 8, "percent_branches_covered": 0.0, "percent_branches_covered_display": "0"}, "missing_lines": [223, 224, 226, 227, 228, 229, 230, 231, 232, 233, 234, 235, 236, 237, 238, 239, 240, 241, 242, 243, 244, 245, 246], "excluded_lines": [], "executed_branches": [], "missing_branches": [[226, 227], [226, 228], [234, 235], [234, 242], [235, 234], [235, 236], [242, 243], [242, 244]]}, "AlertManager.set_alert_seen": {"executed_lines": [], "summary": {"covered_lines": 0, "num_statements": 18, "percent_covered": 0.0, "percent_covered_display": "0", "missing_lines": 18, "excluded_lines": 0, "percent_statements_covered": 0.0, "percent_statements_covered_display": "0", "num_branches": 10, "num_partial_branches": 0, "covered_branches": 0, "missing_branches": 10, "percent_branches_covered": 0.0, "percent_branches_covered_display": "0"}, "missing_lines": [249, 250, 253, 254, 256, 258, 259, 260, 262, 263, 264, 266, 267, 269, 270, 272, 273, 275], "excluded_lines": [], "executed_branches": [], "missing_branches": [[253, 254], [253, 256], [258, 259], [258, 269], [262, 258], [262, 263], [263, 262], [263, 264], [269, 270], [269, 272]]}, "AlertManager.delete_alert": {"executed_lines": [], "summary": {"covered_lines": 0, "num_statements": 11, "percent_covered": 0.0, "percent_covered_display": "0", "missing_lines": 11, "excluded_lines": 0, "percent_statements_covered": 0.0, "percent_statements_covered_display": "0", "num_branches": 4, "num_partial_branches": 0, "covered_branches": 0, "missing_branches": 4, "percent_branches_covered": 0.0, "percent_branches_covered_display": "0"}, "missing_lines": [278, 280, 283, 284, 286, 288, 289, 291, 293, 294, 296], "excluded_lines": [], "executed_branches": [], "missing_branches": [[283, 284], [283, 286], [288, 289], [288, 291]]}, "AlertManager._to_notification_item": {"executed_lines": [], "summary": {"covered_lines": 0, "num_statements": 11, "percent_covered": 0.0, "percent_covered_display": "0", "missing_lines": 11, "excluded_lines": 0, "percent_statements_covered": 0.0, "percent_statements_covered_display": "0", "num_branches": 8, "num_partial_branches": 0, "covered_branches": 0, "missing_branches": 8, "percent_branches_covered": 0.0, "percent_branches_covered_display": "0"}, "missing_lines": [299, 300, 301, 302, 304, 305, 306, 307, 308, 310, 312], "excluded_lines": [], "executed_branches": [], "missing_branches": [[300, 301], [300, 302], [302, 304], [302, 305], [305, 306], [305, 307], [307, 308], [307, 310]]}, "AlertManager.getAllAlerts": {"executed_lines": [], "summary": {"covered_lines": 0, "num_statements": 36, "percent_covered": 0.0, "percent_covered_display": "0", "missing_lines": 36, "excluded_lines": 0, "percent_statements_covered": 0.0, "percent_statements_covered_display": "0", "num_branches": 22, "num_partial_branches": 0, "covered_branches": 0, "missing_branches": 22, "percent_branches_covered": 0.0, "percent_branches_covered_display": "0"}, "missing_lines": [334, 337, 338, 339, 342, 343, 344, 351, 352, 353, 354, 356, 358, 359, 360, 362, 363, 365, 366, 368, 369, 370, 371, 372, 373, 374, 376, 380, 381, 382, 383, 385, 387, 394, 395, 396], "excluded_lines": [], "executed_branches": [], "missing_branches": [[338, 339], [338, 342], [342, 343], [342, 356], [343, 344], [343, 354], [351, 352], [351, 353], [358, 359], [358, 362], [362, 363], [362, 365], [365, 366], [365, 368], [369, 370], [369, 376], [370, 371], [370, 376], [372, 373], [372, 374], [394, 395], [394, 396]]}, "AlertManager.delete_all_alerts": {"executed_lines": [], "summary": {"covered_lines": 0, "num_statements": 10, "percent_covered": 0.0, "percent_covered_display": "0", "missing_lines": 10, "excluded_lines": 0, "percent_statements_covered": 0.0, "percent_statements_covered_display": "0", "num_branches": 4, "num_partial_branches": 0, "covered_branches": 0, "missing_branches": 4, "percent_branches_covered": 0.0, "percent_branches_covered_display": "0"}, "missing_lines": [399, 401, 404, 405, 407, 408, 410, 411, 412, 414], "excluded_lines": [], "executed_branches": [], "missing_branches": [[404, 405], [404, 407], [407, 408], [407, 410]]}, "AlertManager.delete_alerts_by_type": {"executed_lines": [], "summary": {"covered_lines": 0, "num_statements": 12, "percent_covered": 0.0, "percent_covered_display": "0", "missing_lines": 12, "excluded_lines": 0, "percent_statements_covered": 0.0, "percent_statements_covered_display": "0", "num_branches": 4, "num_partial_branches": 0, "covered_branches": 0, "missing_branches": 4, "percent_branches_covered": 0.0, "percent_branches_covered_display": "0"}, "missing_lines": [417, 419, 421, 422, 424, 425, 426, 428, 429, 432, 433, 435], "excluded_lines": [], "executed_branches": [], "missing_branches": [[421, 422], [421, 424], [428, 429], [428, 432]]}, "AlertManager.set_scan_running": {"executed_lines": [], "summary": {"covered_lines": 0, "num_statements": 10, "percent_covered": 0.0, "percent_covered_display": "0", "missing_lines": 10, "excluded_lines": 0, "percent_statements_covered": 0.0, "percent_statements_covered_display": "0", "num_branches": 4, "num_partial_branches": 0, "covered_branches": 0, "missing_branches": 4, "percent_branches_covered": 0.0, "percent_branches_covered_display": "0"}, "missing_lines": [438, 441, 442, 443, 445, 447, 449, 450, 451, 453], "excluded_lines": [], "executed_branches": [], "missing_branches": [[441, 442], [441, 445], [449, 450], [449, 453]]}, "AlertManager.get_scan_status": {"executed_lines": [], "summary": {"covered_lines": 0, "num_statements": 4, "percent_covered": 0.0, "percent_covered_display": "0", "missing_lines": 4, "excluded_lines": 0, "percent_statements_covered": 0.0, "percent_statements_covered_display": "0", "num_branches": 2, "num_partial_branches": 0, "covered_branches": 0, "missing_branches": 2, "percent_branches_covered": 0.0, "percent_branches_covered_display": "0"}, "missing_lines": [456, 460, 461, 462], "excluded_lines": [], "executed_branches": [], "missing_branches": [[460, 461], [460, 462]]}, "AlertManager.get_scan_status_by_tenant_id": {"executed_lines": [], "summary": {"covered_lines": 0, "num_statements": 4, "percent_covered": 0.0, "percent_covered_display": "0", "missing_lines": 4, "excluded_lines": 0, "percent_statements_covered": 0.0, "percent_statements_covered_display": "0", "num_branches": 2, "num_partial_branches": 0, "covered_branches": 0, "missing_branches": 2, "percent_branches_covered": 0.0, "percent_branches_covered_display": "0"}, "missing_lines": [465, 468, 469, 470], "excluded_lines": [], "executed_branches": [], "missing_branches": [[468, 469], [468, 470]]}, "AlertManager.get_allowed_alert_types": {"executed_lines": [], "summary": {"covered_lines": 0, "num_statements": 10, "percent_covered": 0.0, "percent_covered_display": "0", "missing_lines": 10, "excluded_lines": 0, "percent_statements_covered": 0.0, "percent_statements_covered_display": "0", "num_branches": 8, "num_partial_branches": 0, "covered_branches": 0, "missing_branches": 8, "percent_branches_covered": 0.0, "percent_branches_covered_display": "0"}, "missing_lines": [474, 476, 477, 478, 480, 481, 482, 484, 485, 487], "excluded_lines": [], "executed_branches": [], "missing_branches": [[477, 478], [477, 480], [480, 481], [480, 484], [481, 480], [481, 482], [484, 485], [484, 487]]}, "AlertManager.filter_alerts_by_license": {"executed_lines": [], "summary": {"covered_lines": 0, "num_statements": 10, "percent_covered": 0.0, "percent_covered_display": "0", "missing_lines": 10, "excluded_lines": 0, "percent_statements_covered": 0.0, "percent_statements_covered_display": "0", "num_branches": 6, "num_partial_branches": 0, "covered_branches": 0, "missing_branches": 6, "percent_branches_covered": 0.0, "percent_branches_covered_display": "0"}, "missing_lines": [490, 491, 492, 494, 496, 497, 498, 500, 501, 503], "excluded_lines": [], "executed_branches": [], "missing_branches": [[491, 492], [491, 494], [497, 498], [497, 503], [500, 497], [500, 501]]}, "": {"executed_lines": [1, 2, 3, 4, 6, 8, 9, 11, 12, 13, 16, 17, 18, 20, 21, 28, 38, 43, 46, 50, 53, 111, 167, 222, 248, 277, 298, 324, 398, 416, 437, 455, 464, 472, 473, 489], "summary": {"covered_lines": 36, "num_statements": 36, "percent_covered": 100.0, "percent_covered_display": "100", "missing_lines": 0, "excluded_lines": 0, "percent_statements_covered": 100.0, "percent_statements_covered_display": "100", "num_branches": 0, "num_partial_branches": 0, "covered_branches": 0, "missing_branches": 0, "percent_branches_covered": 100.0, "percent_branches_covered_display": "100"}, "missing_lines": [], "excluded_lines": [], "executed_branches": [], "missing_branches": []}}, "classes": {"AlertManager": {"executed_lines": [], "summary": {"covered_lines": 0, "num_statements": 256, "percent_covered": 0.0, "percent_covered_display": "0", "missing_lines": 256, "excluded_lines": 0, "percent_statements_covered": 0.0, "percent_statements_covered_display": "0", "num_branches": 120, "num_partial_branches": 0, "covered_branches": 0, "missing_branches": 120, "percent_branches_covered": 0.0, "percent_branches_covered_display": "0"}, "missing_lines": [22, 23, 24, 25, 26, 29, 30, 31, 32, 33, 34, 35, 36, 39, 40, 44, 47, 48, 51, 54, 55, 57, 58, 59, 61, 66, 67, 69, 70, 71, 73, 74, 75, 76, 77, 79, 81, 82, 83, 84, 85, 87, 102, 103, 104, 106, 108, 109, 124, 125, 127, 128, 130, 131, 132, 133, 135, 136, 138, 139, 155, 156, 157, 159, 161, 163, 164, 165, 168, 170, 171, 172, 174, 176, 178, 195, 197, 198, 199, 200, 201, 202, 203, 204, 205, 206, 207, 208, 209, 210, 212, 213, 214, 216, 218, 219, 220, 223, 224, 226, 227, 228, 229, 230, 231, 232, 233, 234, 235, 236, 237, 238, 239, 240, 241, 242, 243, 244, 245, 246, 249, 250, 253, 254, 256, 258, 259, 260, 262, 263, 264, 266, 267, 269, 270, 272, 273, 275, 278, 280, 283, 284, 286, 288, 289, 291, 293, 294, 296, 299, 300, 301, 302, 304, 305, 306, 307, 308, 310, 312, 334, 337, 338, 339, 342, 343, 344, 351, 352, 353, 354, 356, 358, 359, 360, 362, 363, 365, 366, 368, 369, 370, 371, 372, 373, 374, 376, 380, 381, 382, 383, 385, 387, 394, 395, 396, 399, 401, 404, 405, 407, 408, 410, 411, 412, 414, 417, 419, 421, 422, 424, 425, 426, 428, 429, 432, 433, 435, 438, 441, 442, 443, 445, 447, 449, 450, 451, 453, 456, 460, 461, 462, 465, 468, 469, 470, 474, 476, 477, 478, 480, 481, 482, 484, 485, 487, 49
[...]
ted_branches": [], "missing_branches": [[84, 85], [84, 87]]}, "search_dynamic_followers": {"executed_lines": [], "summary": {"covered_lines": 0, "num_statements": 1, "percent_covered": 0.0, "percent_covered_display": "0", "missing_lines": 1, "excluded_lines": 0, "percent_statements_covered": 0.0, "percent_statements_covered_display": "0", "num_branches": 0, "num_partial_branches": 0, "covered_branches": 0, "missing_branches": 0, "percent_branches_covered": 100.0, "percent_branches_covered_display": "100"}, "missing_lines": [105], "excluded_lines": [], "executed_branches": [], "missing_branches": []}, "search_dynamic_following": {"executed_lines": [], "summary": {"covered_lines": 0, "num_statements": 1, "percent_covered": 0.0, "percent_covered_display": "0", "missing_lines": 1, "excluded_lines": 0, "percent_statements_covered": 0.0, "percent_statements_covered_display": "0", "num_branches": 0, "num_partial_branches": 0, "covered_branches": 0, "missing_branches": 0, "percent_branches_covered": 100.0, "percent_branches_covered_display": "100"}, "missing_lines": [118], "excluded_lines": [], "executed_branches": [], "missing_branches": []}, "search_dynamic_posts": {"executed_lines": [], "summary": {"covered_lines": 0, "num_statements": 1, "percent_covered": 0.0, "percent_covered_display": "0", "missing_lines": 1, "excluded_lines": 0, "percent_statements_covered": 0.0, "percent_statements_covered_display": "0", "num_branches": 0, "num_partial_branches": 0, "covered_branches": 0, "missing_branches": 0, "percent_branches_covered": 100.0, "percent_branches_covered_display": "100"}, "missing_lines": [131], "excluded_lines": [], "executed_branches": [], "missing_branches": []}, "search_dynamic_entity": {"executed_lines": [], "summary": {"covered_lines": 0, "num_statements": 1, "percent_covered": 0.0, "percent_covered_display": "0", "missing_lines": 1, "excluded_lines": 0, "percent_statements_covered": 0.0, "percent_statements_covered_display": "0", "num_branches": 0, "num_partial_branches": 0, "covered_branches": 0, "missing_branches": 0, "percent_branches_covered": 100.0, "percent_branches_covered_display": "100"}, "missing_lines": [139], "excluded_lines": [], "executed_branches": [], "missing_branches": []}, "search_social_metadata": {"executed_lines": [], "summary": {"covered_lines": 0, "num_statements": 1, "percent_covered": 0.0, "percent_covered_display": "0", "missing_lines": 1, "excluded_lines": 0, "percent_statements_covered": 0.0, "percent_statements_covered_display": "0", "num_branches": 0, "num_partial_branches": 0, "covered_branches": 0, "missing_branches": 0, "percent_branches_covered": 100.0, "percent_branches_covered_display": "100"}, "missing_lines": [152], "excluded_lines": [], "executed_branches": [], "missing_branches": []}, "upsert_social_session": {"executed_lines": [], "summary": {"covered_lines": 0, "num_statements": 2, "percent_covered": 0.0, "percent_covered_display": "0", "missing_lines": 2, "excluded_lines": 0, "percent_statements_covered": 0.0, "percent_statements_covered_display": "0", "num_branches": 0, "num_partial_branches": 0, "covered_branches": 0, "missing_branches": 0, "percent_branches_covered": 100.0, "percent_branches_covered_display": "100"}, "missing_lines": [160, 161], "excluded_lines": [], "executed_branches": [], "missing_branches": []}, "get_social_tabs": {"executed_lines": [], "summary": {"covered_lines": 0, "num_statements": 1, "percent_covered": 0.0, "percent_covered_display": "0", "missing_lines": 1, "excluded_lines": 0, "percent_statements_covered": 0.0, "percent_statements_covered_display": "0", "num_branches": 0, "num_partial_branches": 0, "covered_branches": 0, "missing_branches": 0, "percent_branches_covered": 100.0, "percent_branches_covered_display": "100"}, "missing_lines": [169], "excluded_lines": [], "executed_branches": [], "missing_branches": []}, "add_social_tab": {"executed_lines": [], "summary": {"covered_lines": 0, "num_statements": 2, "percent_covered": 0.0, "percent_covered_display": "0", "missing_lines": 2, "excluded_lines": 0, "percent_statements_covered": 0.0, "percent_statements_covered_display": "0", "num_branches": 0, "num_partial_branches": 0, "covered_branches": 0, "missing_branches": 0, "percent_branches_covered": 100.0, "percent_branches_covered_display": "100"}, "missing_lines": [177, 178], "excluded_lines": [], "executed_branches": [], "missing_branches": []}, "": {"executed_lines": [1, 3, 5, 6, 14, 15, 16, 17, 19, 22, 31, 35, 39, 43, 52, 56, 65, 69, 82, 95, 104, 108, 117, 121, 130, 134, 138, 142, 151, 155, 159, 164, 168, 172, 176], "summary": {"covered_lines": 35, "num_statements": 35, "percent_covered": 100.0, "percent_covered_display": "100", "missing_lines": 0, "excluded_lines": 0, "percent_statements_covered": 100.0, "percent_statements_covered_display": "100", "num_branches": 0, "num_partial_branches": 0, "covered_branches": 0, "missing_branches": 0, "percent_branches_covered": 100.0, "percent_branches_covered_display": "100"}, "missing_lines": [], "excluded_lines": [], "executed_branches": [], "missing_branches": []}}, "classes": {"": {"executed_lines": [1, 3, 5, 6, 14, 15, 16, 17, 19, 22, 31, 35, 39, 43, 52, 56, 65, 69, 82, 95, 104, 108, 117, 121, 130, 134, 138, 142, 151, 155, 159, 164, 168, 172, 176], "summary": {"covered_lines": 35, "num_statements": 54, "percent_covered": 62.5, "percent_covered_display": "62", "missing_lines": 19, "excluded_lines": 0, "percent_statements_covered": 64.81481481481481, "percent_statements_covered_display": "65", "num_branches": 2, "num_partial_branches": 0, "covered_branches": 0, "missing_branches": 2, "percent_branches_covered": 0.0, "percent_branches_covered_display": "0"}, "missing_lines": [32, 40, 53, 66, 83, 84, 85, 87, 89, 105, 118, 131, 139, 152, 160, 161, 169, 177, 178], "excluded_lines": [], "executed_branches": [], "missing_branches": [[84, 85], [84, 87]]}}}, "routes/tenant_routes.py": {"executed_lines": [1, 3, 4, 6, 7, 8, 9, 10, 11, 12, 13, 14, 15, 16, 17, 18, 19, 20, 22, 26, 36, 40, 51, 55, 65, 69, 79, 83, 87, 91, 95, 99, 104, 108, 112, 115, 119, 123, 128, 132, 136, 140, 144, 148, 159, 163, 174, 178, 183, 187, 197, 201, 211, 215, 225, 230, 240, 244, 254, 276, 282, 293, 304, 308, 313, 317, 321, 325, 335], "summary": {"covered_lines": 69, "num_statements": 98, "percent_covered": 69.0, "percent_covered_display": "69", "missing_lines": 29, "excluded_lines": 0, "percent_statements_covered": 70.40816326530613, "percent_statements_covered_display": "70", "num_branches": 2, "num_partial_branches": 0, "covered_branches": 0, "missing_branches": 2, "percent_branches_covered": 0.0, "percent_branches_covered_display": "0"}, "missing_lines": [37, 52, 66, 80, 88, 96, 105, 113, 120, 129, 137, 145, 160, 175, 184, 198, 212, 227, 241, 264, 283, 284, 285, 288, 290, 305, 314, 322, 336], "excluded_lines": [], "executed_branches": [], "missing_branches": [[284, 285], [284, 288]], "functions": {"get_tenant": {"executed_lines": [], "summary": {"covered_lines": 0, "num_statements": 1, "percent_covered": 0.0, "percent_covered_display": "0", "missing_lines": 1, "excluded_lines": 0, "percent_statements_covered": 0.0, "percent_statements_covered_display": "0", "num_branches": 0, "num_partial_branches": 0, "covered_branches": 0, "missing_branches": 0, "percent_branches_covered": 100.0, "percent_branches_covered_display": "100"}, "missing_lines": [37], "excluded_lines": [], "executed_branches": [], "missing_branches": []}, "update_tenant": {"executed_lines": [], "summary": {"covered_lines": 0, "num_statements": 1, "percent_covered": 0.0, "percent_covered_display": "0", "missing_lines": 1, "excluded_lines": 0, "percent_statements_covered": 0.0, "percent_statements_covered_display": "0", "num_branches": 0, "num_partial_branches": 0, "covered_branches": 0, "missing_branches": 0, "percent_branches_covered": 100.0, "percent_branches_covered_display": "100"}, "missing_lines": [52], "excluded_lines": [], "executed_branches": [], "missing_branches": []}, "get_tenant_users": {"executed_lines": [], "summary": {"covered_lines": 0, "num_statements": 1, "percent_covered": 0.0, "percent_covered_display": "0", "missing_lines": 1, "excluded_lines": 0, "percent_statements_covered": 0.0, "percent_statements_covered_display": "0", "num_branches": 0, "num_partial_branches": 0, "covered_branches": 0, "missing_branches": 0, "percent_branches_covered": 100.0, "percent_branches_covered_display": "100"}, "missing_lines": [66], "excluded_lines": [], "executed_branches": [], "missing_branches": []}, "get_all_tenants": {"executed_lines": [], "summary": {"covered_lines": 0, "num_statements": 1, "percent_covered": 0.0, "percent_covered_display": "0", "missing_lines": 1, "excluded_lines": 0, "percent_statements_covered": 0.0, "percent_statements_covered_display": "0", "num_branches": 0, "num_partial_branches": 0, "covered_branches": 0, "missing_branches": 0, "percent_branches_covered": 100.0, "percent_branches_covered_display": "100"}, "missing_lines": [80], "excluded_lines": [], "executed_branches": [], "missing_branches": []}, "update_user": {"executed_lines": [], "summary": {"covered_lines": 0, "num_statements": 1, "percent_covered": 0.0, "percent_covered_display": "0", "missing_lines": 1, "excluded_lines": 0, "percent_statements_covered": 0.0, "percent_statements_covered_display": "0", "num_branches": 0, "num_partial_branches": 0, "covered_branches": 0, "missing_branches": 0, "percent_branches_covered": 100.0, "percent_branches_covered_display": "100"}, "missing_lines": [129], "excluded_lines": [], "executed_branches": [], "missing_branches": []}, "upload_profile_image": {"executed_lines": [], "summary": {"covered_lines": 0, "num_statements": 1, "percent_covered": 0.0, "percent_covered_display": "0", "missing_lines": 1, "excluded_lines": 0, "percent_statements_covered": 0.0, "percent_statements_covered_display": "0", "num_branches": 0, "num_partial_branches": 0, "covered_branches": 0, "missing_branches": 0, "percent_branches_covered": 100.0, "percent_branches_covered_display": "100"}, "missing_lines": [137], "excluded_lines": [], "executed_branches": [], "missing_branches": []}, "delete_user": {"executed_lines": [], "summary": {"covered_lines": 0, "num_statements": 1, "percent_covered": 0.0, "percent_covered_display": "0", "missing_lines": 1, "excluded_lines": 0, "percent_statements_covered": 0.0, "percent_statements_covered_display": "0", "num_branches": 0, "num_partial_branches": 0, "covered_branches": 0, "missing_branches": 0, "percent_branches_covered": 100.0, "percent_branches_covered_display": "100"}, "missing_lines": [145], "excluded_lines": [], "executed_branches": [], "missing_branches": []}, "create_tenant_user": {"executed_lines": [], "summary": {"covered_lines": 0, "num_statements": 1, "percent_covered": 0.0, "percent_covered_display": "0", "missing_lines": 1, "excluded_lines": 0, "percent_statements_covered": 0.0, "percent_statements_covered_display": "0", "num_branches": 0, "num_partial_branches": 0, "covered_branches": 0, "missing_branches": 0, "percent_branches_covered": 100.0, "percent_branches_covered_display": "100"}, "missing_lines": [160], "excluded_lines": [], "executed_branches": [], "missing_branches": []}, "get_audit_logs": {"executed_lines": [], "summary": {"covered_lines": 0, "num_statements": 1, "percent_covered": 0.0, "percent_covered_display": "0", "missing_lines": 1, "excluded_lines": 0, "percent_statements_covered": 0.0, "percent_statements_covered_display": "0", "num_branches": 0, "num_partial_branches": 0, "covered_branches": 0, "missing_branches": 0, "percent_branches_covered": 100.0, "percent_branches_covered_display": "100"}, "missing_lines": [175], "excluded_lines": [], "executed_branches": [], "missing_branches": []}, "get_node": {"executed_lines": [], "summary": {"covered_lines": 0, "num_statements": 1, "percent_covered": 0.0, "percent_covered_display": "0", "missing_lines": 1, "excluded_lines": 0, "percent_statements_covered": 0.0, "percent_statements_covered_display": "0", "num_branches": 0, "num_partial_branches": 0, "covered_branches": 0, "missing_branches": 0, "percent_branches_covered": 100.0, "percent_branches_covered_display": "100"}, "missing_lines": [184], "excluded_lines": [], "executed_branches": [], "missing_branches": []}, "add_custom_alert": {"executed_lines": [], "summary": {"covered_lines": 0, "num_statements": 1, "percent_covered": 0.0, "percent_covered_display": "0", "missing_lines": 1, "excluded_lines": 0, "percent_statements_covered": 0.0, "percent_statements_covered_display": "0", "num_branches": 0, "num_partial_branches": 0, "covered_branches": 0, "missing_branches": 0, "percent_branches_covered": 100.0, "percent_branches_covered_display": "100"}, "missing_lines": [198], "excluded_lines": [], "executed_branches": [], "missing_branches": []}, "set_alerts_seen": {"executed_lines": [], "summary": {"covered_lines": 0, "num_statements": 1, "percent_covered": 0.0, "percent_covered_display": "0", "missing_lines": 1, "excluded_lines": 0, "percent_statements_covered": 0.0, "percent_statements_covered_display": "0", "num_branches": 0, "num_partial_branches": 0, "covered_branches": 0, "missing_branches": 0, "percent_branches_covered": 100.0, "percent_branches_covered_display": "100"}, "missing_lines": [212], "excluded_lines": [], "executed_branches": [], "missing_branches": []}, "delete_alert": {"executed_lines": [], "summary": {"covered_lines": 0, "num_statements": 1, "percent_covered": 0.0, "percent_covered_display": "0", "missing_lines": 1, "excluded_lines": 0, "percent_statements_covered": 0.0, "percent_statements_covered_display": "0", "num_branches": 0, "num_partial_branches": 0, "covered_branches": 0, "missing_branches": 0, "percent_branches_covered": 100.0, "percent_branches_covered_display": "100"}, "missing_lines": [227], "excluded_lines": [], "executed_branches": [], "missing_branches": []}, "update_alert": {"executed_lines": [], "summary": {"covered_lines": 0, "num_statements": 1, "percent_covered": 0.0, "percent_covered_display": "0", "missing_lines": 1, "excluded_lines": 0, "percent_statements_covered": 0.0, "percent_statements_covered_display": "0", "num_branches": 0, "num_partial_branches": 0, "covered_branches": 0, "missing_branches": 0, "percent_branches_covered": 100.0, "percent_branches_covered_display": "100"}, "missing_lines": [241], "excluded_lines": [], "executed_branches": [], "missing_branches": []}, "get_user_alerts": {"executed_lines": [], "summary": {"covered_lines": 0, "num_statements": 1, "percent_covered": 0.0, "percent_covered_display": "0", "missing_lines": 1, "excluded_lines": 0, "percent_statements_covered": 0.0, "percent_statements_covered_display": "0", "num_branches": 0, "num_partial_branches": 0, "covered_branches": 0, "missing_branches": 0, "percent_branches_covered": 100.0, "percent_branches_covered_display": "100"}, "missing_lines": [264], "excluded_lines": [], "executed_branches": [], "missing_branches": []}, "run_user_ioc_alerts": {"executed_lines": [], "summary": {"covered_lines": 0, "num_statements": 5, "percent_covered": 0.0, "percent_covered_display": "0", "missing_lines": 5, "excluded_lines": 0, "percent_statements_covered": 0.0, "percent_statements_covered_display": "0", "num_branches": 2, "num_partial_branches": 0, "covered_branches": 0, "missing_branches": 2, "percent_branches_covered": 0.0, "percent_branches_covered_display": "0"}, "missing_lines": [283, 284, 285, 288, 290], "excluded_lines": [], "executed_branches": [], "missing_branches": [[284, 285], [284, 288]]}, "cancel_user_ioc_alerts": {"executed_lines": [], "summary": {"covered_lines": 0, "num_statements": 1, "percent_covered": 0.0, "percent_covered_display": "0", "missing_lines": 1, "excluded_lines": 0, "percent_statements_covered": 0.0, "percent_statements_covered_display": "0", "num_branches": 0, "num_partial_branches": 0, "covered_branches": 0, "missing_branches": 0, "percent_branches_covered": 100.0, "percent_branches_covered_display": "100"}, "missing_lines": [305], "excluded_lines": [], "executed_branches": [], "missing_branches": []}, "delete_all_alerts": {"executed_lines": [], "summary": {"covered_lines": 0, "num_statements": 1, "percent_covered": 0.0, "percent_covered_display": "0", "missing_lines": 1, "excluded_lines": 0, "percent_statements_covered": 0.0, "percent_statements_covered_display": "0", "num_branches": 0, "num_partial_branches": 0, "covered_branches": 0, "missing_branches": 0, "percent_branches_covered": 100.0, "percent_branches_covered_display": "100"}, "missing_lines": [314], "excluded_lines": [], "executed_branches": [], "missing_branches": []}, "delete_typed_alerts": {"executed_lines": [], "summary": {"covered_lines": 0, "num_statements": 1, "percent_covered": 0.0, "percent_covered_display": "0", "missing_lines": 1, "excluded_lines": 0, "percent_statements_covered": 0.0, "percent_statements_covered_display": "0", "num_branches": 0, "num_partial_branches": 0, "covered_branches": 0, "missing_branches": 0, "percent_branches_covered": 100.0, "percent_branches_covered_display": "100"}, "missing_lines": [322], "excluded_lines": [], "executed_branches": [], "missing_branches": []}, "get_alert_scan_status": {"executed_lines": [], "summary": {"covered_lines": 0, "num_statements": 1, "percent_covered": 0.0, "percent_covered_display": "0", "missing_lines": 1, "excluded_lines": 0, "percent_statements_covered": 0.0, "percent_statements_covered_display": "0", "num_branches": 0, "num_partial_branches": 0, "covered_branches": 0, "missing_branches": 0, "percent_branches_covered": 100.0, "percent_branches_covered_display": "100"}, "missing_lines": [336], "excluded_lines": [], "executed_branches": [], "missing_branches": []}, "": {"executed_lines": [1, 3, 4, 6, 7, 8, 9, 10, 11, 12, 13, 14, 15, 16, 17, 18, 19, 20, 22, 26, 36, 40, 51, 55, 65, 69, 79, 83, 87, 91, 95, 99, 104, 108, 112, 115, 119, 123, 128, 132, 136, 140, 144, 148, 159, 163, 174, 178, 183, 187, 197, 201, 211, 215, 225, 230, 240, 244, 254, 276, 282, 293, 304, 308, 313, 317, 321, 325, 335], "summary": {"covered_lines": 69, "num_statements": 69, "percent_covered": 100.0, "percent_covered_display": "100", "missing_lines": 0, "excluded_lines": 0, "percent_statements_covered": 100.0, "percent_statements_covered_display": "100", "num_branches": 0, "num_partial_branches": 0, "covered_branches": 0, "missing_branches": 0, "percent_branches_covered": 100.0, "percent_branches_covered_display": "100"}, "missing_lines": [], "excluded_lines": [], "executed_branches": [], "missing_branches": []}}, "classes": {"": {"executed_lines": [1, 3, 4, 6, 7, 8, 9, 10, 11, 12, 13, 14, 15, 16, 17, 18, 19, 20, 22, 26, 36, 40, 51, 55, 65, 69, 79, 83, 87, 91, 95, 99, 104, 108, 112, 115, 119, 123, 128, 132, 136, 140, 144, 148, 159, 163, 174, 178, 183, 187, 197, 201, 211, 215, 225, 230, 240, 244, 254, 276, 282, 293, 304, 308, 313, 317, 321, 325, 335], "summary": {"covered_lines": 69, "num_statements": 98, "percent_covered": 69.0, "percent_covered_display": "69", "missing_lines": 29, "excluded_lines": 0, "percent_statements_covered": 70.40816326530613, "percent_statements_covered_display": "70", "num_branches": 2, "num_partial_branches": 0, "covered_branches": 0, "missing_branches": 2, "percent_branches_covered": 0.0, "percent_branches_covered_display": "0"}, "missing_lines": [37, 52, 66, 80, 88, 96, 105, 113, 120, 129, 137, 145, 160, 175, 184, 198, 212, 227, 241, 264, 283, 284, 285, 288, 290, 305, 314, 322, 336], "excluded_lines": [], "executed_branches": [], "missing_branches": [[284, 285], [284, 288]]}}}}, "totals": {"covered_lines": 2828, "num_statements": 7551, "percent_covered": 29.74106300450781, "percent_covered_display": "30", "missing_lines": 4723, "excluded_lines": 0, "percent_statements_covered": 37.4519931134949, "percent_statements_covered_display": "37", "num_branches": 1988, "num_partial_branches": 5, "covered_branches": 9, "missing_branches": 1979, "percent_branches_covered": 0.45271629778672035, "percent_branches_covered_display": "1"}}